{"/home/zerroukiabadreddine/full-project/src/config/requiredEnv.js": {"path":"/home/zerroukiabadreddine/full-project/src/config/requiredEnv.js","statementMap":{"0":{"start":{"line":2,"column":27},"end":{"line":7,"column":null}},"1":{"start":{"line":3,"column":4},"end":{"line":5,"column":null}},"2":{"start":{"line":4,"column":8},"end":{"line":4,"column":null}},"3":{"start":{"line":6,"column":4},"end":{"line":6,"column":null}}},"fnMap":{"0":{"name":"(anonymous_0)","decl":{"start":{"line":2,"column":27},"end":{"line":2,"column":28}},"loc":{"start":{"line":2,"column":36},"end":{"line":7,"column":null}},"line":2}},"branchMap":{"0":{"loc":{"start":{"line":3,"column":4},"end":{"line":5,"column":null}},"type":"if","locations":[{"start":{"line":3,"column":4},"end":{"line":5,"column":null}},{"start":{},"end":{}}],"line":3}},"s":{"0":1,"1":0,"2":0,"3":0},"f":{"0":0},"b":{"0":[0,0]},"meta":{"lastBranch":1,"lastFunction":1,"lastStatement":4,"seen":{"s:2:27:7:Infinity":0,"f:2:27:2:28":0,"b:3:4:5:Infinity:undefined:undefined:undefined:undefined":0,"s:3:4:5:Infinity":1,"s:4:8:4:Infinity":2,"s:6:4:6:Infinity":3}}}
,"/home/zerroukiabadreddine/full-project/src/config/tokenConfig.js": {"path":"/home/zerroukiabadreddine/full-project/src/config/tokenConfig.js","statementMap":{"0":{"start":{"line":2,"column":0},"end":{"line":2,"column":null}},"1":{"start":{"line":5,"column":27},"end":{"line":10,"column":2}},"2":{"start":{"line":5,"column":34},"end":{"line":10,"column":1}}},"fnMap":{"0":{"name":"(anonymous_0)","decl":{"start":{"line":5,"column":27},"end":{"line":5,"column":28}},"loc":{"start":{"line":5,"column":34},"end":{"line":10,"column":1}},"line":5}},"branchMap":{"0":{"loc":{"start":{"line":6,"column":23},"end":{"line":6,"column":78}},"type":"binary-expr","locations":[{"start":{"line":6,"column":23},"end":{"line":6,"column":47}},{"start":{"line":6,"column":50},"end":{"line":6,"column":78}}],"line":6},"1":{"loc":{"start":{"line":7,"column":31},"end":{"line":7,"column":66}},"type":"binary-expr","locations":[{"start":{"line":7,"column":31},"end":{"line":7,"column":58}},{"start":{"line":7,"column":62},"end":{"line":7,"column":66}}],"line":7},"2":{"loc":{"start":{"line":8,"column":24},"end":{"line":8,"column":95}},"type":"binary-expr","locations":[{"start":{"line":8,"column":24},"end":{"line":8,"column":56}},{"start":{"line":8,"column":59},"end":{"line":8,"column":95}}],"line":8},"3":{"loc":{"start":{"line":9,"column":32},"end":{"line":9,"column":null}},"type":"binary-expr","locations":[{"start":{"line":9,"column":32},"end":{"line":9,"column":73}},{"start":{"line":9,"column":77},"end":{"line":9,"column":null}}],"line":9}},"s":{"0":1,"1":1,"2":2},"f":{"0":2},"b":{"0":[2,0],"1":[2,0],"2":[2,0],"3":[2,0]},"meta":{"lastBranch":4,"lastFunction":1,"lastStatement":3,"seen":{"s:2:0:2:Infinity":0,"s:5:27:10:2":1,"f:5:27:5:28":0,"s:5:34:10:1":2,"b:6:23:6:47:6:50:6:78":0,"b:7:31:7:58:7:62:7:66":1,"b:8:24:8:56:8:59:8:95":2,"b:9:32:9:73:9:77:9:Infinity":3}}}
,"/home/zerroukiabadreddine/full-project/src/core/utils/token.js": {"path":"/home/zerroukiabadreddine/full-project/src/core/utils/token.js","statementMap":{"0":{"start":{"line":5,"column":29},"end":{"line":18,"column":1}},"1":{"start":{"line":6,"column":4},"end":{"line":8,"column":null}},"2":{"start":{"line":7,"column":8},"end":{"line":7,"column":null}},"3":{"start":{"line":9,"column":4},"end":{"line":17,"column":null}},"4":{"start":{"line":21,"column":36},"end":{"line":32,"column":1}},"5":{"start":{"line":22,"column":4},"end":{"line":31,"column":null}}},"fnMap":{"0":{"name":"(anonymous_0)","decl":{"start":{"line":5,"column":29},"end":{"line":5,"column":30}},"loc":{"start":{"line":5,"column":39},"end":{"line":18,"column":1}},"line":5},"1":{"name":"(anonymous_1)","decl":{"start":{"line":21,"column":36},"end":{"line":21,"column":37}},"loc":{"start":{"line":21,"column":55},"end":{"line":32,"column":1}},"line":21}},"branchMap":{"0":{"loc":{"start":{"line":6,"column":4},"end":{"line":8,"column":null}},"type":"if","locations":[{"start":{"line":6,"column":4},"end":{"line":8,"column":null}},{"start":{},"end":{}}],"line":6},"1":{"loc":{"start":{"line":6,"column":8},"end":{"line":6,"column":25}},"type":"binary-expr","locations":[{"start":{"line":6,"column":8},"end":{"line":6,"column":13}},{"start":{"line":6,"column":17},"end":{"line":6,"column":25}}],"line":6}},"s":{"0":1,"1":2,"2":1,"3":1,"4":1,"5":0},"f":{"0":2,"1":0},"b":{"0":[1,1],"1":[2,1]},"meta":{"lastBranch":2,"lastFunction":2,"lastStatement":6,"seen":{"s:5:29:18:1":0,"f:5:29:5:30":0,"b:6:4:8:Infinity:undefined:undefined:undefined:undefined":0,"s:6:4:8:Infinity":1,"b:6:8:6:13:6:17:6:25":1,"s:7:8:7:Infinity":2,"s:9:4:17:Infinity":3,"s:21:36:32:1":4,"f:21:36:21:37":1,"s:22:4:31:Infinity":5}}}
}
