{"/home/zerroukiabadreddine/full-project/src/app.js": {"path":"/home/zerroukiabadreddine/full-project/src/app.js","statementMap":{"0":{"start":{"line":2,"column":0},"end":{"line":2,"column":null}},"1":{"start":{"line":13,"column":11},"end":{"line":13,"column":21}},"2":{"start":{"line":15,"column":0},"end":{"line":15,"column":null}},"3":{"start":{"line":16,"column":0},"end":{"line":16,"column":null}},"4":{"start":{"line":17,"column":0},"end":{"line":17,"column":null}},"5":{"start":{"line":18,"column":0},"end":{"line":21,"column":null}},"6":{"start":{"line":22,"column":0},"end":{"line":22,"column":null}},"7":{"start":{"line":23,"column":0},"end":{"line":23,"column":null}},"8":{"start":{"line":25,"column":0},"end":{"line":25,"column":null}},"9":{"start":{"line":26,"column":0},"end":{"line":26,"column":null}}},"fnMap":{},"branchMap":{"0":{"loc":{"start":{"line":20,"column":12},"end":{"line":20,"column":42}},"type":"binary-expr","locations":[{"start":{"line":20,"column":12},"end":{"line":20,"column":35}},{"start":{"line":20,"column":39},"end":{"line":20,"column":42}}],"line":20}},"s":{"0":4,"1":4,"2":4,"3":4,"4":4,"5":4,"6":4,"7":4,"8":4,"9":4},"f":{},"b":{"0":[4,0]},"meta":{"lastBranch":1,"lastFunction":0,"lastStatement":10,"seen":{"s:2:0:2:Infinity":0,"s:13:11:13:21":1,"s:15:0:15:Infinity":2,"s:16:0:16:Infinity":3,"s:17:0:17:Infinity":4,"s:18:0:21:Infinity":5,"b:20:12:20:35:20:39:20:42":0,"s:22:0:22:Infinity":6,"s:23:0:23:Infinity":7,"s:25:0:25:Infinity":8,"s:26:0:26:Infinity":9}}}
,"/home/zerroukiabadreddine/full-project/src/config/env.js": {"path":"/home/zerroukiabadreddine/full-project/src/config/env.js","statementMap":{"0":{"start":{"line":6,"column":6},"end":{"line":6,"column":49}},"1":{"start":{"line":7,"column":18},"end":{"line":7,"column":42}},"2":{"start":{"line":9,"column":6},"end":{"line":12,"column":null}},"3":{"start":{"line":14,"column":0},"end":{"line":16,"column":null}}},"fnMap":{},"branchMap":{"0":{"loc":{"start":{"line":9,"column":6},"end":{"line":12,"column":null}},"type":"cond-expr","locations":[{"start":{"line":10,"column":40},"end":{"line":10,"column":null}},{"start":{"line":10,"column":40},"end":{"line":12,"column":null}}],"line":9},"1":{"loc":{"start":{"line":10,"column":40},"end":{"line":12,"column":null}},"type":"cond-expr","locations":[{"start":{"line":11,"column":34},"end":{"line":11,"column":null}},{"start":{"line":12,"column":0},"end":{"line":12,"column":null}}],"line":10}},"s":{"0":8,"1":8,"2":8,"3":8},"f":{},"b":{"0":[0,8],"1":[8,0]},"meta":{"lastBranch":2,"lastFunction":0,"lastStatement":4,"seen":{"s:6:6:6:49":0,"s:7:18:7:42":1,"s:9:6:12:Infinity":2,"b:10:40:10:Infinity:10:40:12:Infinity":0,"b:11:34:11:Infinity:12:0:12:Infinity":1,"s:14:0:16:Infinity":3}}}
,"/home/zerroukiabadreddine/full-project/src/config/index.js": {"path":"/home/zerroukiabadreddine/full-project/src/config/index.js","statementMap":{"0":{"start":{"line":5,"column":13},"end":{"line":22,"column":null}},"1":{"start":{"line":5,"column":29},"end":{"line":22,"column":null}}},"fnMap":{"0":{"name":"(anonymous_0)","decl":{"start":{"line":5,"column":13},"end":{"line":5,"column":29}},"loc":{"start":{"line":5,"column":29},"end":{"line":22,"column":null}},"line":5}},"branchMap":{"0":{"loc":{"start":{"line":6,"column":4},"end":{"line":6,"column":null}},"type":"binary-expr","locations":[{"start":{"line":6,"column":4},"end":{"line":6,"column":37}},{"start":{"line":6,"column":37},"end":{"line":6,"column":null}}],"line":6},"1":{"loc":{"start":{"line":7,"column":10},"end":{"line":7,"column":null}},"type":"binary-expr","locations":[{"start":{"line":7,"column":10},"end":{"line":7,"column":30}},{"start":{"line":7,"column":30},"end":{"line":7,"column":null}}],"line":7},"2":{"loc":{"start":{"line":8,"column":11},"end":{"line":8,"column":54}},"type":"binary-expr","locations":[{"start":{"line":8,"column":11},"end":{"line":8,"column":33}},{"start":{"line":8,"column":23},"end":{"line":8,"column":54}}],"line":8},"3":{"loc":{"start":{"line":9,"column":19},"end":{"line":9,"column":null}},"type":"binary-expr","locations":[{"start":{"line":9,"column":19},"end":{"line":9,"column":49}},{"start":{"line":9,"column":49},"end":{"line":9,"column":null}}],"line":9},"4":{"loc":{"start":{"line":10,"column":15},"end":{"line":10,"column":66}},"type":"binary-expr","locations":[{"start":{"line":10,"column":15},"end":{"line":10,"column":41}},{"start":{"line":10,"column":27},"end":{"line":10,"column":66}}],"line":10},"5":{"loc":{"start":{"line":11,"column":15},"end":{"line":11,"column":66}},"type":"binary-expr","locations":[{"start":{"line":11,"column":15},"end":{"line":11,"column":41}},{"start":{"line":11,"column":27},"end":{"line":11,"column":66}}],"line":11},"6":{"loc":{"start":{"line":12,"column":19},"end":{"line":12,"column":null}},"type":"binary-expr","locations":[{"start":{"line":12,"column":19},"end":{"line":12,"column":49}},{"start":{"line":12,"column":49},"end":{"line":12,"column":null}}],"line":12},"7":{"loc":{"start":{"line":13,"column":18},"end":{"line":13,"column":75}},"type":"binary-expr","locations":[{"start":{"line":13,"column":18},"end":{"line":13,"column":47}},{"start":{"line":13,"column":30},"end":{"line":13,"column":75}}],"line":13},"8":{"loc":{"start":{"line":19,"column":19},"end":{"line":19,"column":78}},"type":"binary-expr","locations":[{"start":{"line":19,"column":19},"end":{"line":19,"column":49}},{"start":{"line":19,"column":31},"end":{"line":19,"column":78}}],"line":19},"9":{"loc":{"start":{"line":20,"column":14},"end":{"line":20,"column":null}},"type":"binary-expr","locations":[{"start":{"line":20,"column":14},"end":{"line":20,"column":39}},{"start":{"line":20,"column":39},"end":{"line":20,"column":null}}],"line":20},"10":{"loc":{"start":{"line":21,"column":16},"end":{"line":21,"column":null}},"type":"binary-expr","locations":[{"start":{"line":21,"column":16},"end":{"line":21,"column":43}},{"start":{"line":21,"column":28},"end":{"line":21,"column":null}}],"line":21}},"s":{"0":8,"1":1},"f":{"0":1},"b":{"0":[1,0],"1":[1,0],"2":[1,0],"3":[1,0],"4":[1,0],"5":[1,0],"6":[1,0],"7":[1,0],"8":[1,0],"9":[1,0],"10":[1,0]},"meta":{"lastBranch":11,"lastFunction":1,"lastStatement":2,"seen":{"s:5:13:22:Infinity":0,"f:5:13:5:29":0,"s:5:29:22:Infinity":1,"b:6:4:6:37:6:37:6:Infinity":0,"b:7:10:7:30:7:30:7:Infinity":1,"b:8:11:8:33:8:23:8:54":2,"b:9:19:9:49:9:49:9:Infinity":3,"b:10:15:10:41:10:27:10:66":4,"b:11:15:11:41:11:27:11:66":5,"b:12:19:12:49:12:49:12:Infinity":6,"b:13:18:13:47:13:30:13:75":7,"b:19:19:19:49:19:31:19:78":8,"b:20:14:20:39:20:39:20:Infinity":9,"b:21:16:21:43:21:28:21:Infinity":10}}}
,"/home/zerroukiabadreddine/full-project/src/config/rateLimiter.js": {"path":"/home/zerroukiabadreddine/full-project/src/config/rateLimiter.js","statementMap":{"0":{"start":{"line":1,"column":33},"end":{"line":52,"column":1}}},"fnMap":{},"branchMap":{},"s":{"0":4},"f":{},"b":{},"meta":{"lastBranch":0,"lastFunction":0,"lastStatement":1,"seen":{"s:1:33:52:1":0}}}
,"/home/zerroukiabadreddine/full-project/src/config/redisClient.js": {"path":"/home/zerroukiabadreddine/full-project/src/config/redisClient.js","statementMap":{"0":{"start":{"line":3,"column":27},"end":{"line":23,"column":2}},"1":{"start":{"line":10,"column":4},"end":{"line":13,"column":null}},"2":{"start":{"line":11,"column":6},"end":{"line":11,"column":null}},"3":{"start":{"line":12,"column":6},"end":{"line":12,"column":18}},"4":{"start":{"line":14,"column":18},"end":{"line":14,"column":45}},"5":{"start":{"line":15,"column":4},"end":{"line":15,"column":null}},"6":{"start":{"line":16,"column":4},"end":{"line":16,"column":null}},"7":{"start":{"line":26,"column":28},"end":{"line":26,"column":33}},"8":{"start":{"line":29,"column":0},"end":{"line":32,"column":null}},"9":{"start":{"line":30,"column":2},"end":{"line":30,"column":null}},"10":{"start":{"line":31,"column":2},"end":{"line":31,"column":null}},"11":{"start":{"line":35,"column":0},"end":{"line":37,"column":null}},"12":{"start":{"line":36,"column":2},"end":{"line":36,"column":null}},"13":{"start":{"line":40,"column":0},"end":{"line":43,"column":null}},"14":{"start":{"line":41,"column":2},"end":{"line":41,"column":null}},"15":{"start":{"line":42,"column":2},"end":{"line":42,"column":null}},"16":{"start":{"line":46,"column":0},"end":{"line":49,"column":null}},"17":{"start":{"line":47,"column":2},"end":{"line":47,"column":null}},"18":{"start":{"line":48,"column":2},"end":{"line":48,"column":null}},"19":{"start":{"line":52,"column":0},"end":{"line":54,"column":null}},"20":{"start":{"line":53,"column":2},"end":{"line":53,"column":null}},"21":{"start":{"line":56,"column":0},"end":{"line":59,"column":null}},"22":{"start":{"line":57,"column":2},"end":{"line":57,"column":null}},"23":{"start":{"line":58,"column":2},"end":{"line":58,"column":null}},"24":{"start":{"line":61,"column":0},"end":{"line":64,"column":null}},"25":{"start":{"line":62,"column":2},"end":{"line":62,"column":null}},"26":{"start":{"line":63,"column":2},"end":{"line":63,"column":null}},"27":{"start":{"line":66,"column":0},"end":{"line":69,"column":null}},"28":{"start":{"line":67,"column":2},"end":{"line":67,"column":null}},"29":{"start":{"line":68,"column":2},"end":{"line":68,"column":null}}},"fnMap":{"0":{"name":"(anonymous_0)","decl":{"start":{"line":9,"column":17},"end":{"line":9,"column":18}},"loc":{"start":{"line":9,"column":28},"end":{"line":17,"column":3}},"line":9},"1":{"name":"(anonymous_1)","decl":{"start":{"line":29,"column":24},"end":{"line":29,"column":25}},"loc":{"start":{"line":29,"column":30},"end":{"line":32,"column":1}},"line":29},"2":{"name":"(anonymous_2)","decl":{"start":{"line":35,"column":26},"end":{"line":35,"column":27}},"loc":{"start":{"line":35,"column":32},"end":{"line":37,"column":1}},"line":35},"3":{"name":"(anonymous_3)","decl":{"start":{"line":40,"column":24},"end":{"line":40,"column":25}},"loc":{"start":{"line":40,"column":33},"end":{"line":43,"column":1}},"line":40},"4":{"name":"(anonymous_4)","decl":{"start":{"line":46,"column":24},"end":{"line":46,"column":25}},"loc":{"start":{"line":46,"column":30},"end":{"line":49,"column":1}},"line":46},"5":{"name":"(anonymous_5)","decl":{"start":{"line":52,"column":31},"end":{"line":52,"column":32}},"loc":{"start":{"line":52,"column":42},"end":{"line":54,"column":1}},"line":52},"6":{"name":"(anonymous_6)","decl":{"start":{"line":56,"column":22},"end":{"line":56,"column":23}},"loc":{"start":{"line":56,"column":28},"end":{"line":59,"column":1}},"line":56},"7":{"name":"(anonymous_7)","decl":{"start":{"line":61,"column":22},"end":{"line":61,"column":27}},"loc":{"start":{"line":61,"column":34},"end":{"line":64,"column":1}},"line":61},"8":{"name":"(anonymous_8)","decl":{"start":{"line":66,"column":21},"end":{"line":66,"column":26}},"loc":{"start":{"line":66,"column":33},"end":{"line":69,"column":1}},"line":66}},"branchMap":{"0":{"loc":{"start":{"line":4,"column":8},"end":{"line":4,"column":41}},"type":"binary-expr","locations":[{"start":{"line":4,"column":8},"end":{"line":4,"column":30}},{"start":{"line":4,"column":34},"end":{"line":4,"column":41}}],"line":4},"1":{"loc":{"start":{"line":5,"column":8},"end":{"line":5,"column":38}},"type":"binary-expr","locations":[{"start":{"line":5,"column":8},"end":{"line":5,"column":30}},{"start":{"line":5,"column":34},"end":{"line":5,"column":38}}],"line":5},"2":{"loc":{"start":{"line":6,"column":12},"end":{"line":6,"column":51}},"type":"binary-expr","locations":[{"start":{"line":6,"column":12},"end":{"line":6,"column":38}},{"start":{"line":6,"column":42},"end":{"line":6,"column":51}}],"line":6},"3":{"loc":{"start":{"line":7,"column":12},"end":{"line":7,"column":51}},"type":"binary-expr","locations":[{"start":{"line":7,"column":12},"end":{"line":7,"column":38}},{"start":{"line":7,"column":42},"end":{"line":7,"column":51}}],"line":7},"4":{"loc":{"start":{"line":10,"column":4},"end":{"line":13,"column":null}},"type":"if","locations":[{"start":{"line":10,"column":4},"end":{"line":13,"column":null}},{"start":{},"end":{}}],"line":10}},"s":{"0":4,"1":0,"2":0,"3":0,"4":0,"5":0,"6":0,"7":4,"8":4,"9":4,"10":4,"11":4,"12":4,"13":4,"14":0,"15":0,"16":4,"17":0,"18":0,"19":4,"20":0,"21":4,"22":0,"23":0,"24":4,"25":0,"26":0,"27":4,"28":0,"29":0},"f":{"0":0,"1":4,"2":4,"3":0,"4":0,"5":0,"6":0,"7":0,"8":0},"b":{"0":[4,0],"1":[4,0],"2":[4,0],"3":[4,4],"4":[0,0]},"meta":{"lastBranch":5,"lastFunction":9,"lastStatement":30,"seen":{"s:3:27:23:2":0,"b:4:8:4:30:4:34:4:41":0,"b:5:8:5:30:5:34:5:38":1,"b:6:12:6:38:6:42:6:51":2,"b:7:12:7:38:7:42:7:51":3,"f:9:17:9:18":0,"b:10:4:13:Infinity:undefined:undefined:undefined:undefined":4,"s:10:4:13:Infinity":1,"s:11:6:11:Infinity":2,"s:12:6:12:18":3,"s:14:18:14:45":4,"s:15:4:15:Infinity":5,"s:16:4:16:Infinity":6,"s:26:28:26:33":7,"s:29:0:32:Infinity":8,"f:29:24:29:25":1,"s:30:2:30:Infinity":9,"s:31:2:31:Infinity":10,"s:35:0:37:Infinity":11,"f:35:26:35:27":2,"s:36:2:36:Infinity":12,"s:40:0:43:Infinity":13,"f:40:24:40:25":3,"s:41:2:41:Infinity":14,"s:42:2:42:Infinity":15,"s:46:0:49:Infinity":16,"f:46:24:46:25":4,"s:47:2:47:Infinity":17,"s:48:2:48:Infinity":18,"s:52:0:54:Infinity":19,"f:52:31:52:32":5,"s:53:2:53:Infinity":20,"s:56:0:59:Infinity":21,"f:56:22:56:23":6,"s:57:2:57:Infinity":22,"s:58:2:58:Infinity":23,"s:61:0:64:Infinity":24,"f:61:22:61:27":7,"s:62:2:62:Infinity":25,"s:63:2:63:Infinity":26,"s:66:0:69:Infinity":27,"f:66:21:66:26":8,"s:67:2:67:Infinity":28,"s:68:2:68:Infinity":29}}}
,"/home/zerroukiabadreddine/full-project/src/config/requiredEnv.js": {"path":"/home/zerroukiabadreddine/full-project/src/config/requiredEnv.js","statementMap":{"0":{"start":{"line":2,"column":27},"end":{"line":7,"column":null}},"1":{"start":{"line":3,"column":4},"end":{"line":5,"column":null}},"2":{"start":{"line":4,"column":8},"end":{"line":4,"column":null}},"3":{"start":{"line":6,"column":4},"end":{"line":6,"column":null}}},"fnMap":{"0":{"name":"(anonymous_0)","decl":{"start":{"line":2,"column":27},"end":{"line":2,"column":28}},"loc":{"start":{"line":2,"column":36},"end":{"line":7,"column":null}},"line":2}},"branchMap":{"0":{"loc":{"start":{"line":3,"column":4},"end":{"line":5,"column":null}},"type":"if","locations":[{"start":{"line":3,"column":4},"end":{"line":5,"column":null}},{"start":{},"end":{}}],"line":3}},"s":{"0":10,"1":0,"2":0,"3":0},"f":{"0":0},"b":{"0":[0,0]},"meta":{"lastBranch":1,"lastFunction":1,"lastStatement":4,"seen":{"s:2:27:7:Infinity":0,"f:2:27:2:28":0,"b:3:4:5:Infinity:undefined:undefined:undefined:undefined":0,"s:3:4:5:Infinity":1,"s:4:8:4:Infinity":2,"s:6:4:6:Infinity":3}}}
,"/home/zerroukiabadreddine/full-project/src/config/swagger.js": {"path":"/home/zerroukiabadreddine/full-project/src/config/swagger.js","statementMap":{"0":{"start":{"line":3,"column":16},"end":{"line":59,"column":1}},"1":{"start":{"line":61,"column":26},"end":{"line":61,"column":48}}},"fnMap":{},"branchMap":{},"s":{"0":4,"1":4},"f":{},"b":{},"meta":{"lastBranch":0,"lastFunction":0,"lastStatement":2,"seen":{"s:3:16:59:1":0,"s:61:26:61:48":1}}}
,"/home/zerroukiabadreddine/full-project/src/config/tokenConfig.js": {"path":"/home/zerroukiabadreddine/full-project/src/config/tokenConfig.js","statementMap":{"0":{"start":{"line":2,"column":0},"end":{"line":2,"column":null}},"1":{"start":{"line":5,"column":27},"end":{"line":10,"column":2}},"2":{"start":{"line":5,"column":34},"end":{"line":10,"column":1}}},"fnMap":{"0":{"name":"(anonymous_0)","decl":{"start":{"line":5,"column":27},"end":{"line":5,"column":28}},"loc":{"start":{"line":5,"column":34},"end":{"line":10,"column":1}},"line":5}},"branchMap":{"0":{"loc":{"start":{"line":6,"column":23},"end":{"line":6,"column":78}},"type":"binary-expr","locations":[{"start":{"line":6,"column":23},"end":{"line":6,"column":47}},{"start":{"line":6,"column":50},"end":{"line":6,"column":78}}],"line":6},"1":{"loc":{"start":{"line":7,"column":31},"end":{"line":7,"column":66}},"type":"binary-expr","locations":[{"start":{"line":7,"column":31},"end":{"line":7,"column":58}},{"start":{"line":7,"column":62},"end":{"line":7,"column":66}}],"line":7},"2":{"loc":{"start":{"line":8,"column":24},"end":{"line":8,"column":95}},"type":"binary-expr","locations":[{"start":{"line":8,"column":24},"end":{"line":8,"column":56}},{"start":{"line":8,"column":59},"end":{"line":8,"column":95}}],"line":8},"3":{"loc":{"start":{"line":9,"column":32},"end":{"line":9,"column":null}},"type":"binary-expr","locations":[{"start":{"line":9,"column":32},"end":{"line":9,"column":73}},{"start":{"line":9,"column":77},"end":{"line":9,"column":null}}],"line":9}},"s":{"0":10,"1":10,"2":29},"f":{"0":29},"b":{"0":[29,0],"1":[29,0],"2":[29,0],"3":[29,0]},"meta":{"lastBranch":4,"lastFunction":1,"lastStatement":3,"seen":{"s:2:0:2:Infinity":0,"s:5:27:10:2":1,"f:5:27:5:28":0,"s:5:34:10:1":2,"b:6:23:6:47:6:50:6:78":0,"b:7:31:7:58:7:62:7:66":1,"b:8:24:8:56:8:59:8:95":2,"b:9:32:9:73:9:77:9:Infinity":3}}}
,"/home/zerroukiabadreddine/full-project/src/core/RBAC/permissions.js": {"path":"/home/zerroukiabadreddine/full-project/src/core/RBAC/permissions.js","statementMap":{"0":{"start":{"line":1,"column":27},"end":{"line":20,"column":1}}},"fnMap":{},"branchMap":{},"s":{"0":4},"f":{},"b":{},"meta":{"lastBranch":0,"lastFunction":0,"lastStatement":1,"seen":{"s:1:27:20:1":0}}}
,"/home/zerroukiabadreddine/full-project/src/core/RBAC/roles.js": {"path":"/home/zerroukiabadreddine/full-project/src/core/RBAC/roles.js","statementMap":{"0":{"start":{"line":2,"column":31},"end":{"line":49,"column":null}}},"fnMap":{},"branchMap":{},"s":{"0":4},"f":{},"b":{},"meta":{"lastBranch":0,"lastFunction":0,"lastStatement":1,"seen":{"s:2:31:49:Infinity":0}}}
,"/home/zerroukiabadreddine/full-project/src/core/errors/appError.js": {"path":"/home/zerroukiabadreddine/full-project/src/core/errors/appError.js","statementMap":{"0":{"start":{"line":3,"column":4},"end":{"line":5,"column":null}},"1":{"start":{"line":4,"column":6},"end":{"line":4,"column":22}},"2":{"start":{"line":7,"column":4},"end":{"line":9,"column":null}},"3":{"start":{"line":8,"column":6},"end":{"line":8,"column":null}},"4":{"start":{"line":11,"column":48},"end":{"line":11,"column":56}},"5":{"start":{"line":12,"column":4},"end":{"line":12,"column":null}},"6":{"start":{"line":14,"column":4},"end":{"line":14,"column":null}},"7":{"start":{"line":15,"column":4},"end":{"line":15,"column":null}},"8":{"start":{"line":16,"column":4},"end":{"line":16,"column":null}},"9":{"start":{"line":17,"column":4},"end":{"line":17,"column":null}},"10":{"start":{"line":18,"column":4},"end":{"line":18,"column":null}}},"fnMap":{"0":{"name":"(anonymous_0)","decl":{"start":{"line":2,"column":2},"end":{"line":2,"column":13}},"loc":{"start":{"line":2,"column":24},"end":{"line":19,"column":null}},"line":2}},"branchMap":{"0":{"loc":{"start":{"line":3,"column":4},"end":{"line":5,"column":null}},"type":"if","locations":[{"start":{"line":3,"column":4},"end":{"line":5,"column":null}},{"start":{},"end":{}}],"line":3},"1":{"loc":{"start":{"line":7,"column":4},"end":{"line":9,"column":null}},"type":"if","locations":[{"start":{"line":7,"column":4},"end":{"line":9,"column":null}},{"start":{},"end":{}}],"line":7}},"s":{"0":30,"1":0,"2":30,"3":1,"4":29,"5":29,"6":29,"7":29,"8":29,"9":29,"10":29},"f":{"0":30},"b":{"0":[0,30],"1":[1,29]},"meta":{"lastBranch":2,"lastFunction":1,"lastStatement":11,"seen":{"f:2:2:2:13":0,"b:3:4:5:Infinity:undefined:undefined:undefined:undefined":0,"s:3:4:5:Infinity":0,"s:4:6:4:22":1,"b:7:4:9:Infinity:undefined:undefined:undefined:undefined":1,"s:7:4:9:Infinity":2,"s:8:6:8:Infinity":3,"s:11:48:11:56":4,"s:12:4:12:Infinity":5,"s:14:4:14:Infinity":6,"s:15:4:15:Infinity":7,"s:16:4:16:Infinity":8,"s:17:4:17:Infinity":9,"s:18:4:18:Infinity":10}}}
,"/home/zerroukiabadreddine/full-project/src/core/errors/errorCodes.js": {"path":"/home/zerroukiabadreddine/full-project/src/core/errors/errorCodes.js","statementMap":{"0":{"start":{"line":1,"column":27},"end":{"line":224,"column":5}}},"fnMap":{},"branchMap":{},"s":{"0":14},"f":{},"b":{},"meta":{"lastBranch":0,"lastFunction":0,"lastStatement":1,"seen":{"s:1:27:224:5":0}}}
,"/home/zerroukiabadreddine/full-project/src/core/errors/errorHandler.js": {"path":"/home/zerroukiabadreddine/full-project/src/core/errors/errorHandler.js","statementMap":{"0":{"start":{"line":1,"column":13},"end":{"line":63,"column":null}},"1":{"start":{"line":2,"column":4},"end":{"line":2,"column":null}},"2":{"start":{"line":2,"column":25},"end":{"line":2,"column":null}},"3":{"start":{"line":3,"column":4},"end":{"line":3,"column":null}},"4":{"start":{"line":5,"column":4},"end":{"line":5,"column":null}},"5":{"start":{"line":6,"column":4},"end":{"line":7,"column":null}},"6":{"start":{"line":7,"column":8},"end":{"line":7,"column":null}},"7":{"start":{"line":10,"column":17},"end":{"line":10,"column":null}},"8":{"start":{"line":11,"column":4},"end":{"line":19,"column":null}},"9":{"start":{"line":12,"column":8},"end":{"line":19,"column":null}},"10":{"start":{"line":22,"column":4},"end":{"line":23,"column":null}},"11":{"start":{"line":23,"column":8},"end":{"line":23,"column":null}},"12":{"start":{"line":27,"column":4},"end":{"line":34,"column":null}},"13":{"start":{"line":28,"column":8},"end":{"line":28,"column":null}},"14":{"start":{"line":29,"column":8},"end":{"line":34,"column":null}},"15":{"start":{"line":37,"column":4},"end":{"line":43,"column":null}},"16":{"start":{"line":38,"column":8},"end":{"line":38,"column":null}},"17":{"start":{"line":39,"column":8},"end":{"line":43,"column":null}},"18":{"start":{"line":46,"column":4},"end":{"line":48,"column":null}},"19":{"start":{"line":47,"column":8},"end":{"line":47,"column":null}},"20":{"start":{"line":48,"column":8},"end":{"line":48,"column":null}},"21":{"start":{"line":50,"column":4},"end":{"line":52,"column":null}},"22":{"start":{"line":51,"column":8},"end":{"line":51,"column":null}},"23":{"start":{"line":52,"column":8},"end":{"line":52,"column":null}},"24":{"start":{"line":54,"column":4},"end":{"line":56,"column":null}},"25":{"start":{"line":55,"column":8},"end":{"line":55,"column":null}},"26":{"start":{"line":56,"column":8},"end":{"line":56,"column":null}},"27":{"start":{"line":59,"column":4},"end":{"line":63,"column":null}}},"fnMap":{"0":{"name":"(anonymous_0)","decl":{"start":{"line":1,"column":13},"end":{"line":1,"column":29}},"loc":{"start":{"line":1,"column":53},"end":{"line":63,"column":null}},"line":1}},"branchMap":{"0":{"loc":{"start":{"line":2,"column":4},"end":{"line":2,"column":null}},"type":"if","locations":[{"start":{"line":2,"column":4},"end":{"line":2,"column":null}},{"start":{},"end":{}}],"line":2},"1":{"loc":{"start":{"line":3,"column":21},"end":{"line":3,"column":null}},"type":"binary-expr","locations":[{"start":{"line":3,"column":21},"end":{"line":3,"column":39}},{"start":{"line":3,"column":39},"end":{"line":3,"column":null}}],"line":3},"2":{"loc":{"start":{"line":5,"column":15},"end":{"line":5,"column":null}},"type":"binary-expr","locations":[{"start":{"line":5,"column":15},"end":{"line":5,"column":27}},{"start":{"line":5,"column":27},"end":{"line":5,"column":null}}],"line":5},"3":{"loc":{"start":{"line":6,"column":4},"end":{"line":7,"column":null}},"type":"if","locations":[{"start":{"line":6,"column":4},"end":{"line":7,"column":null}},{"start":{},"end":{}}],"line":6},"4":{"loc":{"start":{"line":11,"column":4},"end":{"line":19,"column":null}},"type":"if","locations":[{"start":{"line":11,"column":4},"end":{"line":19,"column":null}},{"start":{},"end":{}}],"line":11},"5":{"loc":{"start":{"line":22,"column":4},"end":{"line":23,"column":null}},"type":"if","locations":[{"start":{"line":22,"column":4},"end":{"line":23,"column":null}},{"start":{},"end":{}}],"line":22},"6":{"loc":{"start":{"line":27,"column":4},"end":{"line":34,"column":null}},"type":"if","locations":[{"start":{"line":27,"column":4},"end":{"line":34,"column":null}},{"start":{},"end":{}}],"line":27},"7":{"loc":{"start":{"line":30,"column":20},"end":{"line":30,"column":null}},"type":"binary-expr","locations":[{"start":{"line":30,"column":20},"end":{"line":30,"column":34}},{"start":{"line":30,"column":34},"end":{"line":30,"column":null}}],"line":30},"8":{"loc":{"start":{"line":32,"column":18},"end":{"line":32,"column":null}},"type":"binary-expr","locations":[{"start":{"line":32,"column":18},"end":{"line":32,"column":30}},{"start":{"line":32,"column":30},"end":{"line":32,"column":null}}],"line":32},"9":{"loc":{"start":{"line":37,"column":4},"end":{"line":43,"column":null}},"type":"if","locations":[{"start":{"line":37,"column":4},"end":{"line":43,"column":null}},{"start":{},"end":{}}],"line":37},"10":{"loc":{"start":{"line":46,"column":4},"end":{"line":48,"column":null}},"type":"if","locations":[{"start":{"line":46,"column":4},"end":{"line":48,"column":null}},{"start":{},"end":{}}],"line":46},"11":{"loc":{"start":{"line":48,"column":22},"end":{"line":48,"column":null}},"type":"binary-expr","locations":[{"start":{"line":48,"column":22},"end":{"line":48,"column":37}},{"start":{"line":48,"column":37},"end":{"line":48,"column":null}}],"line":48},"12":{"loc":{"start":{"line":50,"column":4},"end":{"line":52,"column":null}},"type":"if","locations":[{"start":{"line":50,"column":4},"end":{"line":52,"column":null}},{"start":{},"end":{}}],"line":50},"13":{"loc":{"start":{"line":54,"column":4},"end":{"line":56,"column":null}},"type":"if","locations":[{"start":{"line":54,"column":4},"end":{"line":56,"column":null}},{"start":{},"end":{}}],"line":54},"14":{"loc":{"start":{"line":54,"column":8},"end":{"line":54,"column":62}},"type":"binary-expr","locations":[{"start":{"line":54,"column":8},"end":{"line":54,"column":29}},{"start":{"line":54,"column":29},"end":{"line":54,"column":62}}],"line":54},"15":{"loc":{"start":{"line":62,"column":14},"end":{"line":62,"column":null}},"type":"binary-expr","locations":[{"start":{"line":62,"column":14},"end":{"line":62,"column":26}},{"start":{"line":62,"column":26},"end":{"line":62,"column":null}}],"line":62}},"s":{"0":4,"1":4,"2":0,"3":4,"4":4,"5":4,"6":0,"7":4,"8":4,"9":0,"10":4,"11":0,"12":4,"13":0,"14":0,"15":4,"16":0,"17":0,"18":4,"19":0,"20":0,"21":4,"22":0,"23":0,"24":4,"25":0,"26":0,"27":4},"f":{"0":4},"b":{"0":[0,4],"1":[4,0],"2":[4,0],"3":[0,4],"4":[0,4],"5":[0,4],"6":[0,4],"7":[0,0],"8":[0,0],"9":[0,4],"10":[0,4],"11":[0,0],"12":[0,4],"13":[0,4],"14":[4,0],"15":[4,0]},"meta":{"lastBranch":16,"lastFunction":1,"lastStatement":28,"seen":{"s:1:13:63:Infinity":0,"f:1:13:1:29":0,"b:2:4:2:Infinity:undefined:undefined:undefined:undefined":0,"s:2:4:2:Infinity":1,"s:2:25:2:Infinity":2,"s:3:4:3:Infinity":3,"b:3:21:3:39:3:39:3:Infinity":1,"s:5:4:5:Infinity":4,"b:5:15:5:27:5:27:5:Infinity":2,"b:6:4:7:Infinity:undefined:undefined:undefined:undefined":3,"s:6:4:7:Infinity":5,"s:7:8:7:Infinity":6,"s:10:17:10:Infinity":7,"b:11:4:19:Infinity:undefined:undefined:undefined:undefined":4,"s:11:4:19:Infinity":8,"s:12:8:19:Infinity":9,"b:22:4:23:Infinity:undefined:undefined:undefined:undefined":5,"s:22:4:23:Infinity":10,"s:23:8:23:Infinity":11,"b:27:4:34:Infinity:undefined:undefined:undefined:undefined":6,"s:27:4:34:Infinity":12,"s:28:8:28:Infinity":13,"s:29:8:34:Infinity":14,"b:30:20:30:34:30:34:30:Infinity":7,"b:32:18:32:30:32:30:32:Infinity":8,"b:37:4:43:Infinity:undefined:undefined:undefined:undefined":9,"s:37:4:43:Infinity":15,"s:38:8:38:Infinity":16,"s:39:8:43:Infinity":17,"b:46:4:48:Infinity:undefined:undefined:undefined:undefined":10,"s:46:4:48:Infinity":18,"s:47:8:47:Infinity":19,"s:48:8:48:Infinity":20,"b:48:22:48:37:48:37:48:Infinity":11,"b:50:4:52:Infinity:undefined:undefined:undefined:undefined":12,"s:50:4:52:Infinity":21,"s:51:8:51:Infinity":22,"s:52:8:52:Infinity":23,"b:54:4:56:Infinity:undefined:undefined:undefined:undefined":13,"s:54:4:56:Infinity":24,"b:54:8:54:29:54:29:54:62":14,"s:55:8:55:Infinity":25,"s:56:8:56:Infinity":26,"s:59:4:63:Infinity":27,"b:62:14:62:26:62:26:62:Infinity":15}}}
,"/home/zerroukiabadreddine/full-project/src/core/utils/asyncCatch.js": {"path":"/home/zerroukiabadreddine/full-project/src/core/utils/asyncCatch.js","statementMap":{"0":{"start":{"line":1,"column":28},"end":{"line":3,"column":1}},"1":{"start":{"line":1,"column":34},"end":{"line":3,"column":1}},"2":{"start":{"line":2,"column":9},"end":{"line":2,"column":57}}},"fnMap":{"0":{"name":"(anonymous_0)","decl":{"start":{"line":1,"column":28},"end":{"line":1,"column":30}},"loc":{"start":{"line":1,"column":34},"end":{"line":3,"column":1}},"line":1},"1":{"name":"(anonymous_1)","decl":{"start":{"line":1,"column":34},"end":{"line":1,"column":35}},"loc":{"start":{"line":1,"column":54},"end":{"line":3,"column":1}},"line":1}},"branchMap":{},"s":{"0":4,"1":100,"2":11},"f":{"0":100,"1":11},"b":{},"meta":{"lastBranch":0,"lastFunction":2,"lastStatement":3,"seen":{"s:1:28:3:1":0,"f:1:28:1:30":0,"s:1:34:3:1":1,"f:1:34:1:35":1,"s:2:9:2:57":2}}}
,"/home/zerroukiabadreddine/full-project/src/core/utils/hashing.js": {"path":"/home/zerroukiabadreddine/full-project/src/core/utils/hashing.js","statementMap":{"0":{"start":{"line":2,"column":26},"end":{"line":5,"column":4}},"1":{"start":{"line":3,"column":20},"end":{"line":3,"column":49}},"2":{"start":{"line":4,"column":4},"end":{"line":4,"column":null}},"3":{"start":{"line":6,"column":28},"end":{"line":9,"column":4}},"4":{"start":{"line":7,"column":21},"end":{"line":7,"column":55}},"5":{"start":{"line":8,"column":6},"end":{"line":8,"column":null}}},"fnMap":{"0":{"name":"(anonymous_0)","decl":{"start":{"line":2,"column":26},"end":{"line":2,"column":27}},"loc":{"start":{"line":2,"column":53},"end":{"line":5,"column":4}},"line":2},"1":{"name":"(anonymous_1)","decl":{"start":{"line":6,"column":28},"end":{"line":6,"column":29}},"loc":{"start":{"line":6,"column":52},"end":{"line":9,"column":4}},"line":6}},"branchMap":{"0":{"loc":{"start":{"line":2,"column":34},"end":{"line":2,"column":48}},"type":"default-arg","locations":[{"start":{"line":2,"column":46},"end":{"line":2,"column":48}}],"line":2}},"s":{"0":6,"1":7,"2":7,"3":6,"4":4,"5":4},"f":{"0":7,"1":4},"b":{"0":[7]},"meta":{"lastBranch":1,"lastFunction":2,"lastStatement":6,"seen":{"s:2:26:5:4":0,"f:2:26:2:27":0,"b:2:46:2:48":0,"s:3:20:3:49":1,"s:4:4:4:Infinity":2,"s:6:28:9:4":3,"f:6:28:6:29":1,"s:7:21:7:55":4,"s:8:6:8:Infinity":5}}}
,"/home/zerroukiabadreddine/full-project/src/core/utils/ownership.js": {"path":"/home/zerroukiabadreddine/full-project/src/core/utils/ownership.js","statementMap":{"0":{"start":{"line":4,"column":32},"end":{"line":20,"column":1}},"1":{"start":{"line":5,"column":4},"end":{"line":19,"column":null}},"2":{"start":{"line":6,"column":21},"end":{"line":6,"column":29}},"3":{"start":{"line":8,"column":24},"end":{"line":8,"column":39}},"4":{"start":{"line":10,"column":24},"end":{"line":10,"column":66}},"5":{"start":{"line":11,"column":24},"end":{"line":11,"column":45}},"6":{"start":{"line":13,"column":8},"end":{"line":16,"column":null}},"7":{"start":{"line":14,"column":50},"end":{"line":14,"column":81}},"8":{"start":{"line":15,"column":12},"end":{"line":15,"column":null}},"9":{"start":{"line":18,"column":8},"end":{"line":18,"column":null}}},"fnMap":{"0":{"name":"(anonymous_0)","decl":{"start":{"line":4,"column":32},"end":{"line":4,"column":33}},"loc":{"start":{"line":4,"column":48},"end":{"line":20,"column":1}},"line":4},"1":{"name":"(anonymous_1)","decl":{"start":{"line":5,"column":11},"end":{"line":5,"column":12}},"loc":{"start":{"line":5,"column":31},"end":{"line":19,"column":5}},"line":5}},"branchMap":{"0":{"loc":{"start":{"line":13,"column":8},"end":{"line":16,"column":null}},"type":"if","locations":[{"start":{"line":13,"column":8},"end":{"line":16,"column":null}},{"start":{},"end":{}}],"line":13},"1":{"loc":{"start":{"line":13,"column":12},"end":{"line":13,"column":32}},"type":"binary-expr","locations":[{"start":{"line":13,"column":12},"end":{"line":13,"column":20}},{"start":{"line":13,"column":24},"end":{"line":13,"column":32}}],"line":13}},"s":{"0":4,"1":0,"2":0,"3":0,"4":0,"5":0,"6":0,"7":0,"8":0,"9":0},"f":{"0":0,"1":0},"b":{"0":[0,0],"1":[0,0]},"meta":{"lastBranch":2,"lastFunction":2,"lastStatement":10,"seen":{"s:4:32:20:1":0,"f:4:32:4:33":0,"s:5:4:19:Infinity":1,"f:5:11:5:12":1,"s:6:21:6:29":2,"s:8:24:8:39":3,"s:10:24:10:66":4,"s:11:24:11:45":5,"b:13:8:16:Infinity:undefined:undefined:undefined:undefined":0,"s:13:8:16:Infinity":6,"b:13:12:13:20:13:24:13:32":1,"s:14:50:14:81":7,"s:15:12:15:Infinity":8,"s:18:8:18:Infinity":9}}}
,"/home/zerroukiabadreddine/full-project/src/core/utils/token.js": {"path":"/home/zerroukiabadreddine/full-project/src/core/utils/token.js","statementMap":{"0":{"start":{"line":6,"column":29},"end":{"line":19,"column":1}},"1":{"start":{"line":7,"column":4},"end":{"line":9,"column":null}},"2":{"start":{"line":8,"column":8},"end":{"line":8,"column":null}},"3":{"start":{"line":10,"column":4},"end":{"line":18,"column":null}},"4":{"start":{"line":22,"column":36},"end":{"line":33,"column":1}},"5":{"start":{"line":23,"column":4},"end":{"line":32,"column":null}}},"fnMap":{"0":{"name":"(anonymous_0)","decl":{"start":{"line":6,"column":29},"end":{"line":6,"column":30}},"loc":{"start":{"line":6,"column":39},"end":{"line":19,"column":1}},"line":6},"1":{"name":"(anonymous_1)","decl":{"start":{"line":22,"column":36},"end":{"line":22,"column":37}},"loc":{"start":{"line":22,"column":55},"end":{"line":33,"column":1}},"line":22}},"branchMap":{"0":{"loc":{"start":{"line":7,"column":4},"end":{"line":9,"column":null}},"type":"if","locations":[{"start":{"line":7,"column":4},"end":{"line":9,"column":null}},{"start":{},"end":{}}],"line":7},"1":{"loc":{"start":{"line":7,"column":8},"end":{"line":7,"column":25}},"type":"binary-expr","locations":[{"start":{"line":7,"column":8},"end":{"line":7,"column":13}},{"start":{"line":7,"column":17},"end":{"line":7,"column":25}}],"line":7}},"s":{"0":6,"1":10,"2":2,"3":8,"4":6,"5":5},"f":{"0":10,"1":5},"b":{"0":[2,8],"1":[10,8]},"meta":{"lastBranch":2,"lastFunction":2,"lastStatement":6,"seen":{"s:6:29:19:1":0,"f:6:29:6:30":0,"b:7:4:9:Infinity:undefined:undefined:undefined:undefined":0,"s:7:4:9:Infinity":1,"b:7:8:7:13:7:17:7:25":1,"s:8:8:8:Infinity":2,"s:10:4:18:Infinity":3,"s:22:36:33:1":4,"f:22:36:22:37":1,"s:23:4:32:Infinity":5}}}
,"/home/zerroukiabadreddine/full-project/src/middlewares/authentication.js": {"path":"/home/zerroukiabadreddine/full-project/src/middlewares/authentication.js","statementMap":{"0":{"start":{"line":7,"column":28},"end":{"line":32,"column":2}},"1":{"start":{"line":9,"column":4},"end":{"line":16,"column":null}},"2":{"start":{"line":10,"column":8},"end":{"line":10,"column":null}},"3":{"start":{"line":11,"column":8},"end":{"line":13,"column":null}},"4":{"start":{"line":12,"column":12},"end":{"line":12,"column":null}},"5":{"start":{"line":15,"column":8},"end":{"line":15,"column":null}},"6":{"start":{"line":17,"column":4},"end":{"line":19,"column":null}},"7":{"start":{"line":18,"column":8},"end":{"line":18,"column":null}},"8":{"start":{"line":20,"column":4},"end":{"line":31,"column":null}},"9":{"start":{"line":21,"column":24},"end":{"line":21,"column":74}},"10":{"start":{"line":22,"column":21},"end":{"line":22,"column":72}},"11":{"start":{"line":23,"column":8},"end":{"line":23,"column":null}},"12":{"start":{"line":24,"column":8},"end":{"line":24,"column":null}},"13":{"start":{"line":25,"column":12},"end":{"line":25,"column":null}},"14":{"start":{"line":27,"column":8},"end":{"line":27,"column":null}},"15":{"start":{"line":29,"column":12},"end":{"line":29,"column":null}},"16":{"start":{"line":30,"column":3},"end":{"line":30,"column":null}}},"fnMap":{"0":{"name":"(anonymous_0)","decl":{"start":{"line":7,"column":42},"end":{"line":7,"column":47}},"loc":{"start":{"line":7,"column":68},"end":{"line":32,"column":1}},"line":7}},"branchMap":{"0":{"loc":{"start":{"line":9,"column":4},"end":{"line":16,"column":null}},"type":"if","locations":[{"start":{"line":9,"column":4},"end":{"line":16,"column":null}},{"start":{"line":14,"column":11},"end":{"line":16,"column":null}}],"line":9},"1":{"loc":{"start":{"line":11,"column":8},"end":{"line":13,"column":null}},"type":"if","locations":[{"start":{"line":11,"column":8},"end":{"line":13,"column":null}},{"start":{},"end":{}}],"line":11},"2":{"loc":{"start":{"line":17,"column":4},"end":{"line":19,"column":null}},"type":"if","locations":[{"start":{"line":17,"column":4},"end":{"line":19,"column":null}},{"start":{},"end":{}}],"line":17}},"s":{"0":4,"1":4,"2":3,"3":3,"4":3,"5":1,"6":4,"7":1,"8":3,"9":3,"10":3,"11":2,"12":2,"13":2,"14":2,"15":1,"16":1},"f":{"0":4},"b":{"0":[3,1],"1":[3,0],"2":[1,3]},"meta":{"lastBranch":3,"lastFunction":1,"lastStatement":17,"seen":{"s:7:28:32:2":0,"f:7:42:7:47":0,"b:9:4:16:Infinity:14:11:16:Infinity":0,"s:9:4:16:Infinity":1,"s:10:8:10:Infinity":2,"b:11:8:13:Infinity:undefined:undefined:undefined:undefined":1,"s:11:8:13:Infinity":3,"s:12:12:12:Infinity":4,"s:15:8:15:Infinity":5,"b:17:4:19:Infinity:undefined:undefined:undefined:undefined":2,"s:17:4:19:Infinity":6,"s:18:8:18:Infinity":7,"s:20:4:31:Infinity":8,"s:21:24:21:74":9,"s:22:21:22:72":10,"s:23:8:23:Infinity":11,"s:24:8:24:Infinity":12,"s:25:12:25:Infinity":13,"s:27:8:27:Infinity":14,"s:29:12:29:Infinity":15,"s:30:3:30:Infinity":16}}}
,"/home/zerroukiabadreddine/full-project/src/middlewares/rateLimit.js": {"path":"/home/zerroukiabadreddine/full-project/src/middlewares/rateLimit.js","statementMap":{"0":{"start":{"line":9,"column":21},"end":{"line":9,"column":30}},"1":{"start":{"line":12,"column":19},"end":{"line":12,"column":null}},"2":{"start":{"line":14,"column":2},"end":{"line":15,"column":null}},"3":{"start":{"line":15,"column":4},"end":{"line":15,"column":null}},"4":{"start":{"line":19,"column":4},"end":{"line":19,"column":null}},"5":{"start":{"line":21,"column":18},"end":{"line":27,"column":null}},"6":{"start":{"line":29,"column":2},"end":{"line":29,"column":null}},"7":{"start":{"line":31,"column":2},"end":{"line":31,"column":null}},"8":{"start":{"line":35,"column":2},"end":{"line":36,"column":null}},"9":{"start":{"line":36,"column":4},"end":{"line":36,"column":null}},"10":{"start":{"line":36,"column":31},"end":{"line":36,"column":37}},"11":{"start":{"line":39,"column":2},"end":{"line":64,"column":null}},"12":{"start":{"line":40,"column":17},"end":{"line":40,"column":null}},"13":{"start":{"line":41,"column":20},"end":{"line":41,"column":42}},"14":{"start":{"line":43,"column":4},"end":{"line":44,"column":null}},"15":{"start":{"line":44,"column":6},"end":{"line":44,"column":null}},"16":{"start":{"line":47,"column":16},"end":{"line":47,"column":null}},"17":{"start":{"line":49,"column":4},"end":{"line":61,"column":null}},"18":{"start":{"line":50,"column":6},"end":{"line":50,"column":null}},"19":{"start":{"line":51,"column":6},"end":{"line":51,"column":null}},"20":{"start":{"line":53,"column":6},"end":{"line":54,"column":null}},"21":{"start":{"line":54,"column":8},"end":{"line":54,"column":null}},"22":{"start":{"line":57,"column":6},"end":{"line":61,"column":null}},"23":{"start":{"line":58,"column":8},"end":{"line":58,"column":null}},"24":{"start":{"line":59,"column":8},"end":{"line":59,"column":null}},"25":{"start":{"line":61,"column":8},"end":{"line":61,"column":null}}},"fnMap":{"0":{"name":"getLimiter","decl":{"start":{"line":11,"column":9},"end":{"line":11,"column":20}},"loc":{"start":{"line":11,"column":32},"end":{"line":31,"column":null}},"line":11},"1":{"name":"dynamicRateLimiter","decl":{"start":{"line":34,"column":16},"end":{"line":34,"column":35}},"loc":{"start":{"line":34,"column":41},"end":{"line":64,"column":null}},"line":34},"2":{"name":"(anonymous_2)","decl":{"start":{"line":36,"column":4},"end":{"line":36,"column":12}},"loc":{"start":{"line":36,"column":31},"end":{"line":36,"column":37}},"line":36},"3":{"name":"(anonymous_3)","decl":{"start":{"line":39,"column":22},"end":{"line":39,"column":29}},"loc":{"start":{"line":39,"column":48},"end":{"line":64,"column":null}},"line":39}},"branchMap":{"0":{"loc":{"start":{"line":14,"column":2},"end":{"line":15,"column":null}},"type":"if","locations":[{"start":{"line":14,"column":2},"end":{"line":15,"column":null}},{"start":{},"end":{}}],"line":14},"1":{"loc":{"start":{"line":19,"column":4},"end":{"line":19,"column":null}},"type":"binary-expr","locations":[{"start":{"line":19,"column":4},"end":{"line":19,"column":39}},{"start":{"line":19,"column":39},"end":{"line":19,"column":null}}],"line":19},"2":{"loc":{"start":{"line":35,"column":2},"end":{"line":36,"column":null}},"type":"if","locations":[{"start":{"line":35,"column":2},"end":{"line":36,"column":null}},{"start":{},"end":{}}],"line":35},"3":{"loc":{"start":{"line":40,"column":17},"end":{"line":40,"column":null}},"type":"binary-expr","locations":[{"start":{"line":40,"column":17},"end":{"line":40,"column":35}},{"start":{"line":40,"column":35},"end":{"line":40,"column":null}}],"line":40},"4":{"loc":{"start":{"line":43,"column":4},"end":{"line":44,"column":null}},"type":"if","locations":[{"start":{"line":43,"column":4},"end":{"line":44,"column":null}},{"start":{},"end":{}}],"line":43},"5":{"loc":{"start":{"line":47,"column":16},"end":{"line":47,"column":null}},"type":"cond-expr","locations":[{"start":{"line":47,"column":27},"end":{"line":47,"column":51}},{"start":{"line":47,"column":51},"end":{"line":47,"column":null}}],"line":47},"6":{"loc":{"start":{"line":53,"column":6},"end":{"line":54,"column":null}},"type":"if","locations":[{"start":{"line":53,"column":6},"end":{"line":54,"column":null}},{"start":{},"end":{}}],"line":53}},"s":{"0":4,"1":0,"2":0,"3":0,"4":0,"5":0,"6":0,"7":0,"8":96,"9":96,"10":17,"11":0,"12":0,"13":0,"14":0,"15":0,"16":0,"17":0,"18":0,"19":0,"20":0,"21":0,"22":0,"23":0,"24":0,"25":0},"f":{"0":0,"1":96,"2":17,"3":0},"b":{"0":[0,0],"1":[0,0],"2":[96,0],"3":[0,0],"4":[0,0],"5":[0,0],"6":[0,0]},"meta":{"lastBranch":7,"lastFunction":4,"lastStatement":26,"seen":{"s:9:21:9:30":0,"f:11:9:11:20":0,"s:12:19:12:Infinity":1,"b:14:2:15:Infinity:undefined:undefined:undefined:undefined":0,"s:14:2:15:Infinity":2,"s:15:4:15:Infinity":3,"s:19:4:19:Infinity":4,"b:19:4:19:39:19:39:19:Infinity":1,"s:21:18:27:Infinity":5,"s:29:2:29:Infinity":6,"s:31:2:31:Infinity":7,"f:34:16:34:35":1,"b:35:2:36:Infinity:undefined:undefined:undefined:undefined":2,"s:35:2:36:Infinity":8,"s:36:4:36:Infinity":9,"f:36:4:36:12":2,"s:36:31:36:37":10,"s:39:2:64:Infinity":11,"f:39:22:39:29":3,"s:40:17:40:Infinity":12,"b:40:17:40:35:40:35:40:Infinity":3,"s:41:20:41:42":13,"b:43:4:44:Infinity:undefined:undefined:undefined:undefined":4,"s:43:4:44:Infinity":14,"s:44:6:44:Infinity":15,"s:47:16:47:Infinity":16,"b:47:27:47:51:47:51:47:Infinity":5,"s:49:4:61:Infinity":17,"s:50:6:50:Infinity":18,"s:51:6:51:Infinity":19,"b:53:6:54:Infinity:undefined:undefined:undefined:undefined":6,"s:53:6:54:Infinity":20,"s:54:8:54:Infinity":21,"s:57:6:61:Infinity":22,"s:58:8:58:Infinity":23,"s:59:8:59:Infinity":24,"s:61:8:61:Infinity":25}}}
,"/home/zerroukiabadreddine/full-project/src/middlewares/requirePermission.js": {"path":"/home/zerroukiabadreddine/full-project/src/middlewares/requirePermission.js","statementMap":{"0":{"start":{"line":6,"column":34},"end":{"line":18,"column":null}},"1":{"start":{"line":7,"column":4},"end":{"line":17,"column":null}},"2":{"start":{"line":8,"column":25},"end":{"line":8,"column":33}},"3":{"start":{"line":9,"column":8},"end":{"line":11,"column":null}},"4":{"start":{"line":10,"column":12},"end":{"line":10,"column":null}},"5":{"start":{"line":13,"column":8},"end":{"line":15,"column":null}},"6":{"start":{"line":14,"column":12},"end":{"line":14,"column":null}},"7":{"start":{"line":16,"column":8},"end":{"line":16,"column":null}}},"fnMap":{"0":{"name":"(anonymous_0)","decl":{"start":{"line":6,"column":34},"end":{"line":6,"column":35}},"loc":{"start":{"line":6,"column":55},"end":{"line":18,"column":null}},"line":6},"1":{"name":"(anonymous_1)","decl":{"start":{"line":7,"column":11},"end":{"line":7,"column":12}},"loc":{"start":{"line":7,"column":31},"end":{"line":17,"column":5}},"line":7}},"branchMap":{"0":{"loc":{"start":{"line":9,"column":8},"end":{"line":11,"column":null}},"type":"if","locations":[{"start":{"line":9,"column":8},"end":{"line":11,"column":null}},{"start":{},"end":{}}],"line":9},"1":{"loc":{"start":{"line":13,"column":8},"end":{"line":15,"column":null}},"type":"if","locations":[{"start":{"line":13,"column":8},"end":{"line":15,"column":null}},{"start":{},"end":{}}],"line":13}},"s":{"0":4,"1":60,"2":2,"3":2,"4":0,"5":2,"6":1,"7":1},"f":{"0":60,"1":2},"b":{"0":[0,2],"1":[1,1]},"meta":{"lastBranch":2,"lastFunction":2,"lastStatement":8,"seen":{"s:6:34:18:Infinity":0,"f:6:34:6:35":0,"s:7:4:17:Infinity":1,"f:7:11:7:12":1,"s:8:25:8:33":2,"b:9:8:11:Infinity:undefined:undefined:undefined:undefined":0,"s:9:8:11:Infinity":3,"s:10:12:10:Infinity":4,"b:13:8:15:Infinity:undefined:undefined:undefined:undefined":1,"s:13:8:15:Infinity":5,"s:14:12:14:Infinity":6,"s:16:8:16:Infinity":7}}}
,"/home/zerroukiabadreddine/full-project/src/middlewares/validator.js": {"path":"/home/zerroukiabadreddine/full-project/src/middlewares/validator.js","statementMap":{"0":{"start":{"line":2,"column":24},"end":{"line":9,"column":1}},"1":{"start":{"line":2,"column":36},"end":{"line":9,"column":1}},"2":{"start":{"line":3,"column":22},"end":{"line":3,"column":67}},"3":{"start":{"line":4,"column":0},"end":{"line":7,"column":null}},"4":{"start":{"line":5,"column":21},"end":{"line":5,"column":56}},"5":{"start":{"line":5,"column":46},"end":{"line":5,"column":55}},"6":{"start":{"line":6,"column":4},"end":{"line":6,"column":null}},"7":{"start":{"line":8,"column":0},"end":{"line":8,"column":null}}},"fnMap":{"0":{"name":"(anonymous_0)","decl":{"start":{"line":2,"column":24},"end":{"line":2,"column":25}},"loc":{"start":{"line":2,"column":36},"end":{"line":9,"column":1}},"line":2},"1":{"name":"(anonymous_1)","decl":{"start":{"line":2,"column":36},"end":{"line":2,"column":37}},"loc":{"start":{"line":2,"column":56},"end":{"line":9,"column":1}},"line":2},"2":{"name":"(anonymous_2)","decl":{"start":{"line":5,"column":39},"end":{"line":5,"column":40}},"loc":{"start":{"line":5,"column":46},"end":{"line":5,"column":55}},"line":5}},"branchMap":{"0":{"loc":{"start":{"line":4,"column":0},"end":{"line":7,"column":null}},"type":"if","locations":[{"start":{"line":4,"column":0},"end":{"line":7,"column":null}},{"start":{},"end":{}}],"line":4}},"s":{"0":4,"1":32,"2":6,"3":6,"4":0,"5":0,"6":0,"7":6},"f":{"0":32,"1":6,"2":0},"b":{"0":[0,6]},"meta":{"lastBranch":1,"lastFunction":3,"lastStatement":8,"seen":{"s:2:24:9:1":0,"f:2:24:2:25":0,"s:2:36:9:1":1,"f:2:36:2:37":1,"s:3:22:3:67":2,"b:4:0:7:Infinity:undefined:undefined:undefined:undefined":0,"s:4:0:7:Infinity":3,"s:5:21:5:56":4,"f:5:39:5:40":2,"s:5:46:5:55":5,"s:6:4:6:Infinity":6,"s:8:0:8:Infinity":7}}}
,"/home/zerroukiabadreddine/full-project/src/modules/auth/authController.js": {"path":"/home/zerroukiabadreddine/full-project/src/modules/auth/authController.js","statementMap":{"0":{"start":{"line":5,"column":21},"end":{"line":9,"column":2}},"1":{"start":{"line":6,"column":38},"end":{"line":6,"column":46}},"2":{"start":{"line":7,"column":20},"end":{"line":7,"column":67}},"3":{"start":{"line":8,"column":0},"end":{"line":8,"column":142}},"4":{"start":{"line":12,"column":21},"end":{"line":23,"column":2}},"5":{"start":{"line":13,"column":32},"end":{"line":13,"column":40}},"6":{"start":{"line":14,"column":48},"end":{"line":14,"column":89}},"7":{"start":{"line":15,"column":4},"end":{"line":21,"column":null}},"8":{"start":{"line":22,"column":4},"end":{"line":22,"column":null}},"9":{"start":{"line":26,"column":22},"end":{"line":37,"column":2}},"10":{"start":{"line":27,"column":25},"end":{"line":27,"column":49}},"11":{"start":{"line":28,"column":4},"end":{"line":30,"column":5}},"12":{"start":{"line":29,"column":8},"end":{"line":29,"column":null}},"13":{"start":{"line":30,"column":8},"end":{"line":35,"column":null}},"14":{"start":{"line":36,"column":4},"end":{"line":36,"column":null}},"15":{"start":{"line":40,"column":40},"end":{"line":43,"column":2}},"16":{"start":{"line":41,"column":8},"end":{"line":41,"column":null}},"17":{"start":{"line":42,"column":0},"end":{"line":42,"column":null}},"18":{"start":{"line":46,"column":31},"end":{"line":50,"column":6}},"19":{"start":{"line":47,"column":21},"end":{"line":47,"column":29}},"20":{"start":{"line":48,"column":4},"end":{"line":48,"column":null}},"21":{"start":{"line":49,"column":8},"end":{"line":49,"column":null}},"22":{"start":{"line":53,"column":29},"end":{"line":57,"column":6}},"23":{"start":{"line":54,"column":48},"end":{"line":54,"column":56}},"24":{"start":{"line":55,"column":4},"end":{"line":55,"column":null}},"25":{"start":{"line":56,"column":8},"end":{"line":56,"column":null}},"26":{"start":{"line":60,"column":33},"end":{"line":64,"column":2}},"27":{"start":{"line":61,"column":22},"end":{"line":61,"column":30}},"28":{"start":{"line":62,"column":4},"end":{"line":62,"column":null}},"29":{"start":{"line":63,"column":0},"end":{"line":63,"column":null}},"30":{"start":{"line":68,"column":36},"end":{"line":72,"column":6}},"31":{"start":{"line":69,"column":41},"end":{"line":69,"column":49}},"32":{"start":{"line":70,"column":4},"end":{"line":70,"column":72}},"33":{"start":{"line":71,"column":8},"end":{"line":71,"column":null}},"34":{"start":{"line":75,"column":27},"end":{"line":90,"column":null}},"35":{"start":{"line":76,"column":18},"end":{"line":76,"column":42}},"36":{"start":{"line":77,"column":4},"end":{"line":79,"column":5}},"37":{"start":{"line":78,"column":8},"end":{"line":78,"column":null}},"38":{"start":{"line":80,"column":48},"end":{"line":80,"column":85}},"39":{"start":{"line":81,"column":4},"end":{"line":87,"column":null}},"40":{"start":{"line":88,"column":4},"end":{"line":88,"column":null}},"41":{"start":{"line":89,"column":4},"end":{"line":89,"column":null}}},"fnMap":{"0":{"name":"(anonymous_0)","decl":{"start":{"line":5,"column":35},"end":{"line":5,"column":40}},"loc":{"start":{"line":5,"column":55},"end":{"line":9,"column":1}},"line":5},"1":{"name":"(anonymous_1)","decl":{"start":{"line":12,"column":35},"end":{"line":12,"column":40}},"loc":{"start":{"line":12,"column":55},"end":{"line":23,"column":1}},"line":12},"2":{"name":"(anonymous_2)","decl":{"start":{"line":26,"column":36},"end":{"line":26,"column":41}},"loc":{"start":{"line":26,"column":56},"end":{"line":37,"column":1}},"line":26},"3":{"name":"(anonymous_3)","decl":{"start":{"line":40,"column":54},"end":{"line":40,"column":59}},"loc":{"start":{"line":40,"column":74},"end":{"line":43,"column":1}},"line":40},"4":{"name":"(anonymous_4)","decl":{"start":{"line":46,"column":45},"end":{"line":46,"column":50}},"loc":{"start":{"line":46,"column":64},"end":{"line":50,"column":5}},"line":46},"5":{"name":"(anonymous_5)","decl":{"start":{"line":53,"column":43},"end":{"line":53,"column":48}},"loc":{"start":{"line":53,"column":63},"end":{"line":57,"column":5}},"line":53},"6":{"name":"(anonymous_6)","decl":{"start":{"line":60,"column":47},"end":{"line":60,"column":52}},"loc":{"start":{"line":60,"column":67},"end":{"line":64,"column":1}},"line":60},"7":{"name":"(anonymous_7)","decl":{"start":{"line":68,"column":50},"end":{"line":68,"column":55}},"loc":{"start":{"line":68,"column":70},"end":{"line":72,"column":5}},"line":68},"8":{"name":"(anonymous_8)","decl":{"start":{"line":75,"column":41},"end":{"line":75,"column":46}},"loc":{"start":{"line":75,"column":61},"end":{"line":90,"column":1}},"line":75}},"branchMap":{"0":{"loc":{"start":{"line":28,"column":4},"end":{"line":30,"column":5}},"type":"if","locations":[{"start":{"line":28,"column":4},"end":{"line":30,"column":5}},{"start":{},"end":{}}],"line":28},"1":{"loc":{"start":{"line":77,"column":4},"end":{"line":79,"column":5}},"type":"if","locations":[{"start":{"line":77,"column":4},"end":{"line":79,"column":5}},{"start":{},"end":{}}],"line":77}},"s":{"0":4,"1":4,"2":4,"3":4,"4":4,"5":2,"6":2,"7":1,"8":1,"9":4,"10":0,"11":0,"12":0,"13":0,"14":0,"15":4,"16":0,"17":0,"18":4,"19":0,"20":0,"21":0,"22":4,"23":0,"24":0,"25":0,"26":4,"27":0,"28":0,"29":0,"30":4,"31":0,"32":0,"33":0,"34":4,"35":0,"36":0,"37":0,"38":0,"39":0,"40":0,"41":0},"f":{"0":4,"1":2,"2":0,"3":0,"4":0,"5":0,"6":0,"7":0,"8":0},"b":{"0":[0,0],"1":[0,0]},"meta":{"lastBranch":2,"lastFunction":9,"lastStatement":42,"seen":{"s:5:21:9:2":0,"f:5:35:5:40":0,"s:6:38:6:46":1,"s:7:20:7:67":2,"s:8:0:8:142":3,"s:12:21:23:2":4,"f:12:35:12:40":1,"s:13:32:13:40":5,"s:14:48:14:89":6,"s:15:4:21:Infinity":7,"s:22:4:22:Infinity":8,"s:26:22:37:2":9,"f:26:36:26:41":2,"s:27:25:27:49":10,"b:28:4:30:5:undefined:undefined:undefined:undefined":0,"s:28:4:30:5":11,"s:29:8:29:Infinity":12,"s:30:8:35:Infinity":13,"s:36:4:36:Infinity":14,"s:40:40:43:2":15,"f:40:54:40:59":3,"s:41:8:41:Infinity":16,"s:42:0:42:Infinity":17,"s:46:31:50:6":18,"f:46:45:46:50":4,"s:47:21:47:29":19,"s:48:4:48:Infinity":20,"s:49:8:49:Infinity":21,"s:53:29:57:6":22,"f:53:43:53:48":5,"s:54:48:54:56":23,"s:55:4:55:Infinity":24,"s:56:8:56:Infinity":25,"s:60:33:64:2":26,"f:60:47:60:52":6,"s:61:22:61:30":27,"s:62:4:62:Infinity":28,"s:63:0:63:Infinity":29,"s:68:36:72:6":30,"f:68:50:68:55":7,"s:69:41:69:49":31,"s:70:4:70:72":32,"s:71:8:71:Infinity":33,"s:75:27:90:Infinity":34,"f:75:41:75:46":8,"s:76:18:76:42":35,"b:77:4:79:5:undefined:undefined:undefined:undefined":1,"s:77:4:79:5":36,"s:78:8:78:Infinity":37,"s:80:48:80:85":38,"s:81:4:87:Infinity":39,"s:88:4:88:Infinity":40,"s:89:4:89:Infinity":41}}}
,"/home/zerroukiabadreddine/full-project/src/modules/auth/authModel.js": {"path":"/home/zerroukiabadreddine/full-project/src/modules/auth/authModel.js","statementMap":{"0":{"start":{"line":2,"column":31},"end":{"line":24,"column":6}},"1":{"start":{"line":26,"column":4},"end":{"line":26,"column":null}},"2":{"start":{"line":28,"column":34},"end":{"line":28,"column":92}}},"fnMap":{},"branchMap":{},"s":{"0":8,"1":8,"2":8},"f":{},"b":{},"meta":{"lastBranch":0,"lastFunction":0,"lastStatement":3,"seen":{"s:2:31:24:6":0,"s:26:4:26:Infinity":1,"s:28:34:28:92":2}}}
,"/home/zerroukiabadreddine/full-project/src/modules/auth/authRepo.js": {"path":"/home/zerroukiabadreddine/full-project/src/modules/auth/authRepo.js","statementMap":{"0":{"start":{"line":3,"column":38},"end":{"line":11,"column":1}},"1":{"start":{"line":4,"column":4},"end":{"line":9,"column":null}},"2":{"start":{"line":10,"column":4},"end":{"line":10,"column":null}},"3":{"start":{"line":13,"column":35},"end":{"line":16,"column":1}},"4":{"start":{"line":14,"column":19},"end":{"line":14,"column":79}},"5":{"start":{"line":15,"column":4},"end":{"line":15,"column":null}},"6":{"start":{"line":18,"column":26},"end":{"line":20,"column":1}},"7":{"start":{"line":19,"column":4},"end":{"line":19,"column":null}},"8":{"start":{"line":22,"column":43},"end":{"line":24,"column":1}},"9":{"start":{"line":23,"column":4},"end":{"line":23,"column":null}}},"fnMap":{"0":{"name":"(anonymous_0)","decl":{"start":{"line":3,"column":38},"end":{"line":3,"column":43}},"loc":{"start":{"line":3,"column":94},"end":{"line":11,"column":1}},"line":3},"1":{"name":"(anonymous_1)","decl":{"start":{"line":13,"column":35},"end":{"line":13,"column":40}},"loc":{"start":{"line":13,"column":57},"end":{"line":16,"column":1}},"line":13},"2":{"name":"(anonymous_2)","decl":{"start":{"line":18,"column":26},"end":{"line":18,"column":31}},"loc":{"start":{"line":18,"column":65},"end":{"line":20,"column":1}},"line":18},"3":{"name":"(anonymous_3)","decl":{"start":{"line":22,"column":43},"end":{"line":22,"column":48}},"loc":{"start":{"line":22,"column":71},"end":{"line":24,"column":1}},"line":22}},"branchMap":{},"s":{"0":8,"1":0,"2":0,"3":8,"4":0,"5":0,"6":8,"7":0,"8":8,"9":0},"f":{"0":0,"1":0,"2":0,"3":0},"b":{},"meta":{"lastBranch":0,"lastFunction":4,"lastStatement":10,"seen":{"s:3:38:11:1":0,"f:3:38:3:43":0,"s:4:4:9:Infinity":1,"s:10:4:10:Infinity":2,"s:13:35:16:1":3,"f:13:35:13:40":1,"s:14:19:14:79":4,"s:15:4:15:Infinity":5,"s:18:26:20:1":6,"f:18:26:18:31":2,"s:19:4:19:Infinity":7,"s:22:43:24:1":8,"f:22:43:22:48":3,"s:23:4:23:Infinity":9}}}
,"/home/zerroukiabadreddine/full-project/src/modules/auth/authRoutes.js": {"path":"/home/zerroukiabadreddine/full-project/src/modules/auth/authRoutes.js","statementMap":{"0":{"start":{"line":7,"column":14},"end":{"line":7,"column":44}},"1":{"start":{"line":41,"column":0},"end":{"line":41,"column":null}},"2":{"start":{"line":71,"column":0},"end":{"line":71,"column":null}},"3":{"start":{"line":85,"column":0},"end":{"line":85,"column":null}},"4":{"start":{"line":97,"column":0},"end":{"line":97,"column":null}},"5":{"start":{"line":113,"column":0},"end":{"line":113,"column":null}},"6":{"start":{"line":139,"column":0},"end":{"line":139,"column":null}},"7":{"start":{"line":155,"column":0},"end":{"line":155,"column":null}},"8":{"start":{"line":169,"column":0},"end":{"line":169,"column":null}},"9":{"start":{"line":193,"column":0},"end":{"line":193,"column":null}}},"fnMap":{},"branchMap":{},"s":{"0":4,"1":4,"2":4,"3":4,"4":4,"5":4,"6":4,"7":4,"8":4,"9":4},"f":{},"b":{},"meta":{"lastBranch":0,"lastFunction":0,"lastStatement":10,"seen":{"s:7:14:7:44":0,"s:41:0:41:Infinity":1,"s:71:0:71:Infinity":2,"s:85:0:85:Infinity":3,"s:97:0:97:Infinity":4,"s:113:0:113:Infinity":5,"s:139:0:139:Infinity":6,"s:155:0:155:Infinity":7,"s:169:0:169:Infinity":8,"s:193:0:193:Infinity":9}}}
,"/home/zerroukiabadreddine/full-project/src/modules/auth/authService.js": {"path":"/home/zerroukiabadreddine/full-project/src/modules/auth/authService.js","statementMap":{"0":{"start":{"line":17,"column":22},"end":{"line":46,"column":1}},"1":{"start":{"line":19,"column":25},"end":{"line":19,"column":61}},"2":{"start":{"line":20,"column":4},"end":{"line":22,"column":null}},"3":{"start":{"line":21,"column":8},"end":{"line":21,"column":null}},"4":{"start":{"line":24,"column":27},"end":{"line":24,"column":null}},"5":{"start":{"line":26,"column":17},"end":{"line":31,"column":6}},"6":{"start":{"line":32,"column":27},"end":{"line":32,"column":52}},"7":{"start":{"line":34,"column":20},"end":{"line":34,"column":39}},"8":{"start":{"line":35,"column":21},"end":{"line":35,"column":51}},"9":{"start":{"line":36,"column":22},"end":{"line":36,"column":68}},"10":{"start":{"line":38,"column":2},"end":{"line":43,"column":null}},"11":{"start":{"line":45,"column":4},"end":{"line":45,"column":null}},"12":{"start":{"line":48,"column":22},"end":{"line":77,"column":5}},"13":{"start":{"line":50,"column":17},"end":{"line":50,"column":53}},"14":{"start":{"line":51,"column":4},"end":{"line":51,"column":null}},"15":{"start":{"line":52,"column":0},"end":{"line":52,"column":null}},"16":{"start":{"line":54,"column":4},"end":{"line":56,"column":null}},"17":{"start":{"line":55,"column":8},"end":{"line":55,"column":null}},"18":{"start":{"line":58,"column":20},"end":{"line":58,"column":60}},"19":{"start":{"line":59,"column":4},"end":{"line":61,"column":null}},"20":{"start":{"line":60,"column":8},"end":{"line":60,"column":null}},"21":{"start":{"line":62,"column":20},"end":{"line":62,"column":null}},"22":{"start":{"line":63,"column":28},"end":{"line":63,"column":53}},"23":{"start":{"line":65,"column":23},"end":{"line":65,"column":53}},"24":{"start":{"line":66,"column":24},"end":{"line":66,"column":70}},"25":{"start":{"line":68,"column":21},"end":{"line":68,"column":67}},"26":{"start":{"line":69,"column":4},"end":{"line":74,"column":null}},"27":{"start":{"line":76,"column":4},"end":{"line":76,"column":null}},"28":{"start":{"line":80,"column":27},"end":{"line":89,"column":5}},"29":{"start":{"line":81,"column":8},"end":{"line":83,"column":null}},"30":{"start":{"line":82,"column":12},"end":{"line":82,"column":null}},"31":{"start":{"line":85,"column":24},"end":{"line":85,"column":null}},"32":{"start":{"line":87,"column":8},"end":{"line":87,"column":null}},"33":{"start":{"line":88,"column":8},"end":{"line":88,"column":null}},"34":{"start":{"line":92,"column":45},"end":{"line":114,"column":9}},"35":{"start":{"line":94,"column":29},"end":{"line":94,"column":65}},"36":{"start":{"line":95,"column":8},"end":{"line":97,"column":9}},"37":{"start":{"line":96,"column":8},"end":{"line":96,"column":null}},"38":{"start":{"line":98,"column":8},"end":{"line":100,"column":9}},"39":{"start":{"line":99,"column":8},"end":{"line":99,"column":null}},"40":{"start":{"line":102,"column":20},"end":{"line":102,"column":47}},"41":{"start":{"line":103,"column":26},"end":{"line":103,"column":53}},"42":{"start":{"line":105,"column":31},"end":{"line":105,"column":63}},"43":{"start":{"line":106,"column":8},"end":{"line":111,"column":null}},"44":{"start":{"line":113,"column":8},"end":{"line":113,"column":null}},"45":{"start":{"line":117,"column":46},"end":{"line":141,"column":9}},"46":{"start":{"line":118,"column":35},"end":{"line":118,"column":50}},"47":{"start":{"line":119,"column":33},"end":{"line":119,"column":69}},"48":{"start":{"line":120,"column":12},"end":{"line":122,"column":13}},"49":{"start":{"line":121,"column":16},"end":{"line":121,"column":null}},"50":{"start":{"line":123,"column":12},"end":{"line":125,"column":null}},"51":{"start":{"line":124,"column":16},"end":{"line":124,"column":70}},"52":{"start":{"line":126,"column":27},"end":{"line":126,"column":91}},"53":{"start":{"line":127,"column":12},"end":{"line":129,"column":13}},"54":{"start":{"line":128,"column":16},"end":{"line":128,"column":null}},"55":{"start":{"line":130,"column":12},"end":{"line":132,"column":null}},"56":{"start":{"line":131,"column":16},"end":{"line":131,"column":null}},"57":{"start":{"line":134,"column":27},"end":{"line":134,"column":72}},"58":{"start":{"line":135,"column":12},"end":{"line":137,"column":null}},"59":{"start":{"line":136,"column":16},"end":{"line":136,"column":null}},"60":{"start":{"line":139,"column":12},"end":{"line":139,"column":null}},"61":{"start":{"line":140,"column":12},"end":{"line":140,"column":null}},"62":{"start":{"line":144,"column":38},"end":{"line":159,"column":1}},"63":{"start":{"line":145,"column":33},"end":{"line":145,"column":69}},"64":{"start":{"line":146,"column":12},"end":{"line":148,"column":13}},"65":{"start":{"line":147,"column":16},"end":{"line":147,"column":null}},"66":{"start":{"line":150,"column":24},"end":{"line":150,"column":75}},"67":{"start":{"line":151,"column":8},"end":{"line":153,"column":9}},"68":{"start":{"line":152,"column":12},"end":{"line":152,"column":null}},"69":{"start":{"line":155,"column":31},"end":{"line":155,"column":59}},"70":{"start":{"line":156,"column":8},"end":{"line":156,"column":null}},"71":{"start":{"line":157,"column":8},"end":{"line":157,"column":null}},"72":{"start":{"line":162,"column":34},"end":{"line":179,"column":1}},"73":{"start":{"line":163,"column":25},"end":{"line":163,"column":61}},"74":{"start":{"line":164,"column":4},"end":{"line":166,"column":5}},"75":{"start":{"line":165,"column":8},"end":{"line":165,"column":null}},"76":{"start":{"line":168,"column":16},"end":{"line":168,"column":43}},"77":{"start":{"line":169,"column":22},"end":{"line":169,"column":49}},"78":{"start":{"line":170,"column":27},"end":{"line":170,"column":null}},"79":{"start":{"line":171,"column":4},"end":{"line":176,"column":null}},"80":{"start":{"line":178,"column":4},"end":{"line":178,"column":null}},"81":{"start":{"line":182,"column":44},"end":{"line":209,"column":5}},"82":{"start":{"line":183,"column":27},"end":{"line":183,"column":39}},"83":{"start":{"line":184,"column":29},"end":{"line":184,"column":65}},"84":{"start":{"line":185,"column":8},"end":{"line":188,"column":null}},"85":{"start":{"line":186,"column":56},"end":{"line":186,"column":82}},"86":{"start":{"line":187,"column":12},"end":{"line":187,"column":null}},"87":{"start":{"line":189,"column":31},"end":{"line":189,"column":64}},"88":{"start":{"line":190,"column":23},"end":{"line":190,"column":88}},"89":{"start":{"line":191,"column":8},"end":{"line":194,"column":9}},"90":{"start":{"line":192,"column":56},"end":{"line":192,"column":null}},"91":{"start":{"line":193,"column":12},"end":{"line":193,"column":null}},"92":{"start":{"line":195,"column":8},"end":{"line":197,"column":9}},"93":{"start":{"line":196,"column":12},"end":{"line":196,"column":null}},"94":{"start":{"line":199,"column":26},"end":{"line":199,"column":59}},"95":{"start":{"line":200,"column":8},"end":{"line":202,"column":9}},"96":{"start":{"line":201,"column":12},"end":{"line":201,"column":null}},"97":{"start":{"line":204,"column":34},"end":{"line":204,"column":62}},"98":{"start":{"line":205,"column":8},"end":{"line":205,"column":null}},"99":{"start":{"line":206,"column":8},"end":{"line":206,"column":null}},"100":{"start":{"line":208,"column":8},"end":{"line":208,"column":null}},"101":{"start":{"line":212,"column":32},"end":{"line":253,"column":1}},"102":{"start":{"line":213,"column":2},"end":{"line":215,"column":null}},"103":{"start":{"line":214,"column":4},"end":{"line":214,"column":null}},"104":{"start":{"line":218,"column":2},"end":{"line":222,"column":3}},"105":{"start":{"line":219,"column":4},"end":{"line":219,"column":null}},"106":{"start":{"line":221,"column":4},"end":{"line":221,"column":null}},"107":{"start":{"line":224,"column":2},"end":{"line":226,"column":3}},"108":{"start":{"line":225,"column":4},"end":{"line":225,"column":null}},"109":{"start":{"line":227,"column":46},"end":{"line":227,"column":53}},"110":{"start":{"line":229,"column":17},"end":{"line":229,"column":55}},"111":{"start":{"line":230,"column":19},"end":{"line":230,"column":51}},"112":{"start":{"line":231,"column":2},"end":{"line":233,"column":3}},"113":{"start":{"line":232,"column":4},"end":{"line":232,"column":null}},"114":{"start":{"line":234,"column":21},"end":{"line":234,"column":40}},"115":{"start":{"line":235,"column":25},"end":{"line":238,"column":3}},"116":{"start":{"line":240,"column":17},"end":{"line":240,"column":55}},"117":{"start":{"line":241,"column":2},"end":{"line":241,"column":null}},"118":{"start":{"line":243,"column":2},"end":{"line":243,"column":null}},"119":{"start":{"line":245,"column":24},"end":{"line":248,"column":4}},"120":{"start":{"line":249,"column":2},"end":{"line":252,"column":null}}},"fnMap":{"0":{"name":"(anonymous_0)","decl":{"start":{"line":17,"column":22},"end":{"line":17,"column":27}},"loc":{"start":{"line":17,"column":55},"end":{"line":46,"column":1}},"line":17},"1":{"name":"(anonymous_1)","decl":{"start":{"line":48,"column":22},"end":{"line":48,"column":27}},"loc":{"start":{"line":48,"column":49},"end":{"line":77,"column":5}},"line":48},"2":{"name":"(anonymous_2)","decl":{"start":{"line":80,"column":27},"end":{"line":80,"column":32}},"loc":{"start":{"line":80,"column":51},"end":{"line":89,"column":5}},"line":80},"3":{"name":"(anonymous_3)","decl":{"start":{"line":92,"column":45},"end":{"line":92,"column":50}},"loc":{"start":{"line":92,"column":62},"end":{"line":114,"column":9}},"line":92},"4":{"name":"(anonymous_4)","decl":{"start":{"line":117,"column":46},"end":{"line":117,"column":51}},"loc":{"start":{"line":117,"column":69},"end":{"line":141,"column":9}},"line":117},"5":{"name":"(anonymous_5)","decl":{"start":{"line":144,"column":38},"end":{"line":144,"column":43}},"loc":{"start":{"line":144,"column":81},"end":{"line":159,"column":1}},"line":144},"6":{"name":"(anonymous_6)","decl":{"start":{"line":162,"column":34},"end":{"line":162,"column":39}},"loc":{"start":{"line":162,"column":51},"end":{"line":179,"column":1}},"line":162},"7":{"name":"(anonymous_7)","decl":{"start":{"line":182,"column":44},"end":{"line":182,"column":49}},"loc":{"start":{"line":182,"column":80},"end":{"line":209,"column":5}},"line":182},"8":{"name":"(anonymous_8)","decl":{"start":{"line":212,"column":32},"end":{"line":212,"column":37}},"loc":{"start":{"line":212,"column":56},"end":{"line":253,"column":1}},"line":212}},"branchMap":{"0":{"loc":{"start":{"line":20,"column":4},"end":{"line":22,"column":null}},"type":"if","locations":[{"start":{"line":20,"column":4},"end":{"line":22,"column":null}},{"start":{},"end":{}}],"line":20},"1":{"loc":{"start":{"line":54,"column":4},"end":{"line":56,"column":null}},"type":"if","locations":[{"start":{"line":54,"column":4},"end":{"line":56,"column":null}},{"start":{},"end":{}}],"line":54},"2":{"loc":{"start":{"line":59,"column":4},"end":{"line":61,"column":null}},"type":"if","locations":[{"start":{"line":59,"column":4},"end":{"line":61,"column":null}},{"start":{},"end":{}}],"line":59},"3":{"loc":{"start":{"line":81,"column":8},"end":{"line":83,"column":null}},"type":"if","locations":[{"start":{"line":81,"column":8},"end":{"line":83,"column":null}},{"start":{},"end":{}}],"line":81},"4":{"loc":{"start":{"line":81,"column":12},"end":{"line":81,"column":61}},"type":"binary-expr","locations":[{"start":{"line":81,"column":12},"end":{"line":81,"column":25}},{"start":{"line":81,"column":29},"end":{"line":81,"column":61}}],"line":81},"5":{"loc":{"start":{"line":95,"column":8},"end":{"line":97,"column":9}},"type":"if","locations":[{"start":{"line":95,"column":8},"end":{"line":97,"column":9}},{"start":{},"end":{}}],"line":95},"6":{"loc":{"start":{"line":98,"column":8},"end":{"line":100,"column":9}},"type":"if","locations":[{"start":{"line":98,"column":8},"end":{"line":100,"column":9}},{"start":{},"end":{}}],"line":98},"7":{"loc":{"start":{"line":120,"column":12},"end":{"line":122,"column":13}},"type":"if","locations":[{"start":{"line":120,"column":12},"end":{"line":122,"column":13}},{"start":{},"end":{}}],"line":120},"8":{"loc":{"start":{"line":123,"column":12},"end":{"line":125,"column":null}},"type":"if","locations":[{"start":{"line":123,"column":12},"end":{"line":125,"column":null}},{"start":{},"end":{}}],"line":123},"9":{"loc":{"start":{"line":127,"column":12},"end":{"line":129,"column":13}},"type":"if","locations":[{"start":{"line":127,"column":12},"end":{"line":129,"column":13}},{"start":{},"end":{}}],"line":127},"10":{"loc":{"start":{"line":130,"column":12},"end":{"line":132,"column":null}},"type":"if","locations":[{"start":{"line":130,"column":12},"end":{"line":132,"column":null}},{"start":{},"end":{}}],"line":130},"11":{"loc":{"start":{"line":135,"column":12},"end":{"line":137,"column":null}},"type":"if","locations":[{"start":{"line":135,"column":12},"end":{"line":137,"column":null}},{"start":{},"end":{}}],"line":135},"12":{"loc":{"start":{"line":146,"column":12},"end":{"line":148,"column":13}},"type":"if","locations":[{"start":{"line":146,"column":12},"end":{"line":148,"column":13}},{"start":{},"end":{}}],"line":146},"13":{"loc":{"start":{"line":151,"column":8},"end":{"line":153,"column":9}},"type":"if","locations":[{"start":{"line":151,"column":8},"end":{"line":153,"column":9}},{"start":{},"end":{}}],"line":151},"14":{"loc":{"start":{"line":164,"column":4},"end":{"line":166,"column":5}},"type":"if","locations":[{"start":{"line":164,"column":4},"end":{"line":166,"column":5}},{"start":{},"end":{}}],"line":164},"15":{"loc":{"start":{"line":185,"column":8},"end":{"line":188,"column":null}},"type":"if","locations":[{"start":{"line":185,"column":8},"end":{"line":188,"column":null}},{"start":{},"end":{}}],"line":185},"16":{"loc":{"start":{"line":191,"column":8},"end":{"line":194,"column":9}},"type":"if","locations":[{"start":{"line":191,"column":8},"end":{"line":194,"column":9}},{"start":{},"end":{}}],"line":191},"17":{"loc":{"start":{"line":195,"column":8},"end":{"line":197,"column":9}},"type":"if","locations":[{"start":{"line":195,"column":8},"end":{"line":197,"column":9}},{"start":{},"end":{}}],"line":195},"18":{"loc":{"start":{"line":200,"column":8},"end":{"line":202,"column":9}},"type":"if","locations":[{"start":{"line":200,"column":8},"end":{"line":202,"column":9}},{"start":{},"end":{}}],"line":200},"19":{"loc":{"start":{"line":213,"column":2},"end":{"line":215,"column":null}},"type":"if","locations":[{"start":{"line":213,"column":2},"end":{"line":215,"column":null}},{"start":{},"end":{}}],"line":213},"20":{"loc":{"start":{"line":224,"column":2},"end":{"line":226,"column":3}},"type":"if","locations":[{"start":{"line":224,"column":2},"end":{"line":226,"column":3}},{"start":{},"end":{}}],"line":224},"21":{"loc":{"start":{"line":231,"column":2},"end":{"line":233,"column":3}},"type":"if","locations":[{"start":{"line":231,"column":2},"end":{"line":233,"column":3}},{"start":{},"end":{}}],"line":231}},"s":{"0":8,"1":8,"2":8,"3":2,"4":6,"5":6,"6":6,"7":6,"8":6,"9":6,"10":6,"11":6,"12":8,"13":8,"14":8,"15":8,"16":8,"17":2,"18":6,"19":6,"20":3,"21":3,"22":3,"23":3,"24":3,"25":3,"26":3,"27":3,"28":8,"29":0,"30":0,"31":0,"32":0,"33":0,"34":8,"35":0,"36":0,"37":0,"38":0,"39":0,"40":0,"41":0,"42":0,"43":0,"44":0,"45":8,"46":0,"47":0,"48":0,"49":0,"50":0,"51":0,"52":0,"53":0,"54":0,"55":0,"56":0,"57":0,"58":0,"59":0,"60":0,"61":0,"62":8,"63":0,"64":0,"65":0,"66":0,"67":0,"68":0,"69":0,"70":0,"71":0,"72":8,"73":0,"74":0,"75":0,"76":0,"77":0,"78":0,"79":0,"80":0,"81":8,"82":0,"83":0,"84":0,"85":0,"86":0,"87":0,"88":0,"89":0,"90":0,"91":0,"92":0,"93":0,"94":0,"95":0,"96":0,"97":0,"98":0,"99":0,"100":0,"101":8,"102":0,"103":0,"104":0,"105":0,"106":0,"107":0,"108":0,"109":0,"110":0,"111":0,"112":0,"113":0,"114":0,"115":0,"116":0,"117":0,"118":0,"119":0,"120":0},"f":{"0":8,"1":8,"2":0,"3":0,"4":0,"5":0,"6":0,"7":0,"8":0},"b":{"0":[2,6],"1":[2,6],"2":[3,3],"3":[0,0],"4":[0,0],"5":[0,0],"6":[0,0],"7":[0,0],"8":[0,0],"9":[0,0],"10":[0,0],"11":[0,0],"12":[0,0],"13":[0,0],"14":[0,0],"15":[0,0],"16":[0,0],"17":[0,0],"18":[0,0],"19":[0,0],"20":[0,0],"21":[0,0]},"meta":{"lastBranch":22,"lastFunction":9,"lastStatement":121,"seen":{"s:17:22:46:1":0,"f:17:22:17:27":0,"s:19:25:19:61":1,"b:20:4:22:Infinity:undefined:undefined:undefined:undefined":0,"s:20:4:22:Infinity":2,"s:21:8:21:Infinity":3,"s:24:27:24:Infinity":4,"s:26:17:31:6":5,"s:32:27:32:52":6,"s:34:20:34:39":7,"s:35:21:35:51":8,"s:36:22:36:68":9,"s:38:2:43:Infinity":10,"s:45:4:45:Infinity":11,"s:48:22:77:5":12,"f:48:22:48:27":1,"s:50:17:50:53":13,"s:51:4:51:Infinity":14,"s:52:0:52:Infinity":15,"b:54:4:56:Infinity:undefined:undefined:undefined:undefined":1,"s:54:4:56:Infinity":16,"s:55:8:55:Infinity":17,"s:58:20:58:60":18,"b:59:4:61:Infinity:undefined:undefined:undefined:undefined":2,"s:59:4:61:Infinity":19,"s:60:8:60:Infinity":20,"s:62:20:62:Infinity":21,"s:63:28:63:53":22,"s:65:23:65:53":23,"s:66:24:66:70":24,"s:68:21:68:67":25,"s:69:4:74:Infinity":26,"s:76:4:76:Infinity":27,"s:80:27:89:5":28,"f:80:27:80:32":2,"b:81:8:83:Infinity:undefined:undefined:undefined:undefined":3,"s:81:8:83:Infinity":29,"b:81:12:81:25:81:29:81:61":4,"s:82:12:82:Infinity":30,"s:85:24:85:Infinity":31,"s:87:8:87:Infinity":32,"s:88:8:88:Infinity":33,"s:92:45:114:9":34,"f:92:45:92:50":3,"s:94:29:94:65":35,"b:95:8:97:9:undefined:undefined:undefined:undefined":5,"s:95:8:97:9":36,"s:96:8:96:Infinity":37,"b:98:8:100:9:undefined:undefined:undefined:undefined":6,"s:98:8:100:9":38,"s:99:8:99:Infinity":39,"s:102:20:102:47":40,"s:103:26:103:53":41,"s:105:31:105:63":42,"s:106:8:111:Infinity":43,"s:113:8:113:Infinity":44,"s:117:46:141:9":45,"f:117:46:117:51":4,"s:118:35:118:50":46,"s:119:33:119:69":47,"b:120:12:122:13:undefined:undefined:undefined:undefined":7,"s:120:12:122:13":48,"s:121:16:121:Infinity":49,"b:123:12:125:Infinity:undefined:undefined:undefined:undefined":8,"s:123:12:125:Infinity":50,"s:124:16:124:70":51,"s:126:27:126:91":52,"b:127:12:129:13:undefined:undefined:undefined:undefined":9,"s:127:12:129:13":53,"s:128:16:128:Infinity":54,"b:130:12:132:Infinity:undefined:undefined:undefined:undefined":10,"s:130:12:132:Infinity":55,"s:131:16:131:Infinity":56,"s:134:27:134:72":57,"b:135:12:137:Infinity:undefined:undefined:undefined:undefined":11,"s:135:12:137:Infinity":58,"s:136:16:136:Infinity":59,"s:139:12:139:Infinity":60,"s:140:12:140:Infinity":61,"s:144:38:159:1":62,"f:144:38:144:43":5,"s:145:33:145:69":63,"b:146:12:148:13:undefined:undefined:undefined:undefined":12,"s:146:12:148:13":64,"s:147:16:147:Infinity":65,"s:150:24:150:75":66,"b:151:8:153:9:undefined:undefined:undefined:undefined":13,"s:151:8:153:9":67,"s:152:12:152:Infinity":68,"s:155:31:155:59":69,"s:156:8:156:Infinity":70,"s:157:8:157:Infinity":71,"s:162:34:179:1":72,"f:162:34:162:39":6,"s:163:25:163:61":73,"b:164:4:166:5:undefined:undefined:undefined:undefined":14,"s:164:4:166:5":74,"s:165:8:165:Infinity":75,"s:168:16:168:43":76,"s:169:22:169:49":77,"s:170:27:170:Infinity":78,"s:171:4:176:Infinity":79,"s:178:4:178:Infinity":80,"s:182:44:209:5":81,"f:182:44:182:49":7,"s:183:27:183:39":82,"s:184:29:184:65":83,"b:185:8:188:Infinity:undefined:undefined:undefined:undefined":15,"s:185:8:188:Infinity":84,"s:186:56:186:82":85,"s:187:12:187:Infinity":86,"s:189:31:189:64":87,"s:190:23:190:88":88,"b:191:8:194:9:undefined:undefined:undefined:undefined":16,"s:191:8:194:9":89,"s:192:56:192:Infinity":90,"s:193:12:193:Infinity":91,"b:195:8:197:9:undefined:undefined:undefined:undefined":17,"s:195:8:197:9":92,"s:196:12:196:Infinity":93,"s:199:26:199:59":94,"b:200:8:202:9:undefined:undefined:undefined:undefined":18,"s:200:8:202:9":95,"s:201:12:201:Infinity":96,"s:204:34:204:62":97,"s:205:8:205:Infinity":98,"s:206:8:206:Infinity":99,"s:208:8:208:Infinity":100,"s:212:32:253:1":101,"f:212:32:212:37":8,"b:213:2:215:Infinity:undefined:undefined:undefined:undefined":19,"s:213:2:215:Infinity":102,"s:214:4:214:Infinity":103,"s:218:2:222:3":104,"s:219:4:219:Infinity":105,"s:221:4:221:Infinity":106,"b:224:2:226:3:undefined:undefined:undefined:undefined":20,"s:224:2:226:3":107,"s:225:4:225:Infinity":108,"s:227:46:227:53":109,"s:229:17:229:55":110,"s:230:19:230:51":111,"b:231:2:233:3:undefined:undefined:undefined:undefined":21,"s:231:2:233:3":112,"s:232:4:232:Infinity":113,"s:234:21:234:40":114,"s:235:25:238:3":115,"s:240:17:240:55":116,"s:241:2:241:Infinity":117,"s:243:2:243:Infinity":118,"s:245:24:248:4":119,"s:249:2:252:Infinity":120}}}
,"/home/zerroukiabadreddine/full-project/src/modules/auth/authValidation.js": {"path":"/home/zerroukiabadreddine/full-project/src/modules/auth/authValidation.js","statementMap":{"0":{"start":{"line":4,"column":28},"end":{"line":14,"column":null}},"1":{"start":{"line":17,"column":28},"end":{"line":38,"column":6}},"2":{"start":{"line":41,"column":36},"end":{"line":51,"column":2}},"3":{"start":{"line":54,"column":37},"end":{"line":75,"column":null}},"4":{"start":{"line":78,"column":39},"end":{"line":87,"column":null}}},"fnMap":{},"branchMap":{},"s":{"0":4,"1":4,"2":4,"3":4,"4":4},"f":{},"b":{},"meta":{"lastBranch":0,"lastFunction":0,"lastStatement":5,"seen":{"s:4:28:14:Infinity":0,"s:17:28:38:6":1,"s:41:36:51:2":2,"s:54:37:75:Infinity":3,"s:78:39:87:Infinity":4}}}
,"/home/zerroukiabadreddine/full-project/src/modules/auth/helpers/generateVerficationCode.js": {"path":"/home/zerroukiabadreddine/full-project/src/modules/auth/helpers/generateVerficationCode.js","statementMap":{"0":{"start":{"line":6,"column":2},"end":{"line":6,"column":64}},"1":{"start":{"line":12,"column":19},"end":{"line":12,"column":39}},"2":{"start":{"line":13,"column":4},"end":{"line":13,"column":null}}},"fnMap":{"0":{"name":"generateVerificationCode","decl":{"start":{"line":5,"column":17},"end":{"line":5,"column":41}},"loc":{"start":{"line":5,"column":44},"end":{"line":7,"column":null}},"line":5},"1":{"name":"hashVerificationCode","decl":{"start":{"line":11,"column":16},"end":{"line":11,"column":36}},"loc":{"start":{"line":11,"column":43},"end":{"line":14,"column":1}},"line":11}},"branchMap":{},"s":{"0":0,"1":0,"2":0},"f":{"0":0,"1":0},"b":{},"meta":{"lastBranch":0,"lastFunction":2,"lastStatement":3,"seen":{"f:5:17:5:41":0,"s:6:2:6:64":0,"f:11:16:11:36":1,"s:12:19:12:39":1,"s:13:4:13:Infinity":2}}}
[...]
,"/home/zerroukiabadreddine/full-project/src/modules/post/validation/createPostSchema.js": {"path":"/home/zerroukiabadreddine/full-project/src/modules/post/validation/createPostSchema.js","statementMap":{"0":{"start":{"line":3,"column":26},"end":{"line":31,"column":6}}},"fnMap":{},"branchMap":{},"s":{"0":4},"f":{},"b":{},"meta":{"lastBranch":0,"lastFunction":0,"lastStatement":1,"seen":{"s:3:26:31:6":0}}}
,"/home/zerroukiabadreddine/full-project/src/modules/post/validation/updatePostSchema.js": {"path":"/home/zerroukiabadreddine/full-project/src/modules/post/validation/updatePostSchema.js","statementMap":{"0":{"start":{"line":3,"column":32},"end":{"line":24,"column":13}}},"fnMap":{},"branchMap":{},"s":{"0":4},"f":{},"b":{},"meta":{"lastBranch":0,"lastFunction":0,"lastStatement":1,"seen":{"s:3:32:24:13":0}}}
,"/home/zerroukiabadreddine/full-project/src/modules/user/userController.js": {"path":"/home/zerroukiabadreddine/full-project/src/modules/user/userController.js","statementMap":{"0":{"start":{"line":4,"column":26},"end":{"line":7,"column":2}},"1":{"start":{"line":5,"column":22},"end":{"line":5,"column":53}},"2":{"start":{"line":6,"column":8},"end":{"line":6,"column":null}},"3":{"start":{"line":9,"column":33},"end":{"line":12,"column":2}},"4":{"start":{"line":10,"column":22},"end":{"line":10,"column":60}},"5":{"start":{"line":11,"column":8},"end":{"line":11,"column":null}},"6":{"start":{"line":14,"column":30},"end":{"line":19,"column":2}},"7":{"start":{"line":15,"column":48},"end":{"line":15,"column":56}},"8":{"start":{"line":16,"column":26},"end":{"line":16,"column":34}},"9":{"start":{"line":17,"column":21},"end":{"line":17,"column":98}},"10":{"start":{"line":18,"column":8},"end":{"line":18,"column":null}},"11":{"start":{"line":21,"column":29},"end":{"line":27,"column":2}},"12":{"start":{"line":22,"column":27},"end":{"line":22,"column":37}},"13":{"start":{"line":23,"column":25},"end":{"line":23,"column":33}},"14":{"start":{"line":24,"column":26},"end":{"line":24,"column":34}},"15":{"start":{"line":25,"column":21},"end":{"line":25,"column":82}},"16":{"start":{"line":26,"column":8},"end":{"line":26,"column":null}}},"fnMap":{"0":{"name":"(anonymous_0)","decl":{"start":{"line":4,"column":40},"end":{"line":4,"column":45}},"loc":{"start":{"line":4,"column":60},"end":{"line":7,"column":1}},"line":4},"1":{"name":"(anonymous_1)","decl":{"start":{"line":9,"column":47},"end":{"line":9,"column":52}},"loc":{"start":{"line":9,"column":67},"end":{"line":12,"column":1}},"line":9},"2":{"name":"(anonymous_2)","decl":{"start":{"line":14,"column":44},"end":{"line":14,"column":49}},"loc":{"start":{"line":14,"column":64},"end":{"line":19,"column":1}},"line":14},"3":{"name":"(anonymous_3)","decl":{"start":{"line":21,"column":43},"end":{"line":21,"column":48}},"loc":{"start":{"line":21,"column":63},"end":{"line":27,"column":1}},"line":21}},"branchMap":{},"s":{"0":4,"1":1,"2":1,"3":4,"4":0,"5":0,"6":4,"7":0,"8":0,"9":0,"10":0,"11":4,"12":0,"13":0,"14":0,"15":0,"16":0},"f":{"0":1,"1":0,"2":0,"3":0},"b":{},"meta":{"lastBranch":0,"lastFunction":4,"lastStatement":17,"seen":{"s:4:26:7:2":0,"f:4:40:4:45":0,"s:5:22:5:53":1,"s:6:8:6:Infinity":2,"s:9:33:12:2":3,"f:9:47:9:52":1,"s:10:22:10:60":4,"s:11:8:11:Infinity":5,"s:14:30:19:2":6,"f:14:44:14:49":2,"s:15:48:15:56":7,"s:16:26:16:34":8,"s:17:21:17:98":9,"s:18:8:18:Infinity":10,"s:21:29:27:2":11,"f:21:43:21:48":3,"s:22:27:22:37":12,"s:23:25:23:33":13,"s:24:26:24:34":14,"s:25:21:25:82":15,"s:26:8:26:Infinity":16}}}
,"/home/zerroukiabadreddine/full-project/src/modules/user/userModel.js": {"path":"/home/zerroukiabadreddine/full-project/src/modules/user/userModel.js","statementMap":{"0":{"start":{"line":2,"column":19},"end":{"line":34,"column":1}},"1":{"start":{"line":35,"column":18},"end":{"line":35,"column":52}}},"fnMap":{},"branchMap":{},"s":{"0":4,"1":4},"f":{},"b":{},"meta":{"lastBranch":0,"lastFunction":0,"lastStatement":2,"seen":{"s:2:19:34:1":0,"s:35:18:35:52":1}}}
,"/home/zerroukiabadreddine/full-project/src/modules/user/userRepo.js": {"path":"/home/zerroukiabadreddine/full-project/src/modules/user/userRepo.js","statementMap":{"0":{"start":{"line":3,"column":30},"end":{"line":5,"column":1}},"1":{"start":{"line":4,"column":4},"end":{"line":4,"column":42}},"2":{"start":{"line":7,"column":27},"end":{"line":9,"column":1}},"3":{"start":{"line":8,"column":4},"end":{"line":8,"column":null}},"4":{"start":{"line":10,"column":26},"end":{"line":13,"column":1}},"5":{"start":{"line":11,"column":21},"end":{"line":11,"column":44}},"6":{"start":{"line":12,"column":5},"end":{"line":12,"column":null}},"7":{"start":{"line":16,"column":26},"end":{"line":18,"column":1}},"8":{"start":{"line":17,"column":4},"end":{"line":17,"column":null}},"9":{"start":{"line":20,"column":27},"end":{"line":22,"column":1}},"10":{"start":{"line":21,"column":4},"end":{"line":21,"column":null}},"11":{"start":{"line":24,"column":32},"end":{"line":26,"column":1}},"12":{"start":{"line":25,"column":4},"end":{"line":25,"column":null}},"13":{"start":{"line":28,"column":34},"end":{"line":30,"column":1}},"14":{"start":{"line":29,"column":4},"end":{"line":29,"column":null}},"15":{"start":{"line":32,"column":30},"end":{"line":34,"column":1}},"16":{"start":{"line":33,"column":4},"end":{"line":33,"column":null}},"17":{"start":{"line":36,"column":30},"end":{"line":39,"column":1}},"18":{"start":{"line":37,"column":17},"end":{"line":37,"column":79}},"19":{"start":{"line":38,"column":4},"end":{"line":38,"column":null}}},"fnMap":{"0":{"name":"(anonymous_0)","decl":{"start":{"line":3,"column":30},"end":{"line":3,"column":31}},"loc":{"start":{"line":3,"column":41},"end":{"line":5,"column":1}},"line":3},"1":{"name":"(anonymous_1)","decl":{"start":{"line":7,"column":27},"end":{"line":7,"column":28}},"loc":{"start":{"line":7,"column":39},"end":{"line":9,"column":1}},"line":7},"2":{"name":"(anonymous_2)","decl":{"start":{"line":10,"column":26},"end":{"line":10,"column":31}},"loc":{"start":{"line":10,"column":42},"end":{"line":13,"column":1}},"line":10},"3":{"name":"(anonymous_3)","decl":{"start":{"line":16,"column":26},"end":{"line":16,"column":27}},"loc":{"start":{"line":16,"column":38},"end":{"line":18,"column":1}},"line":16},"4":{"name":"(anonymous_4)","decl":{"start":{"line":20,"column":27},"end":{"line":20,"column":28}},"loc":{"start":{"line":20,"column":33},"end":{"line":22,"column":1}},"line":20},"5":{"name":"(anonymous_5)","decl":{"start":{"line":24,"column":32},"end":{"line":24,"column":33}},"loc":{"start":{"line":24,"column":38},"end":{"line":26,"column":1}},"line":24},"6":{"name":"(anonymous_6)","decl":{"start":{"line":28,"column":34},"end":{"line":28,"column":35}},"loc":{"start":{"line":28,"column":40},"end":{"line":30,"column":1}},"line":28},"7":{"name":"(anonymous_7)","decl":{"start":{"line":32,"column":30},"end":{"line":32,"column":31}},"loc":{"start":{"line":32,"column":42},"end":{"line":34,"column":1}},"line":32},"8":{"name":"(anonymous_8)","decl":{"start":{"line":36,"column":30},"end":{"line":36,"column":35}},"loc":{"start":{"line":36,"column":54},"end":{"line":39,"column":1}},"line":36}},"branchMap":{},"s":{"0":4,"1":6,"2":4,"3":0,"4":4,"5":4,"6":4,"7":4,"8":0,"9":4,"10":1,"11":4,"12":0,"13":4,"14":0,"15":4,"16":0,"17":4,"18":0,"19":0},"f":{"0":6,"1":0,"2":4,"3":0,"4":1,"5":0,"6":0,"7":0,"8":0},"b":{},"meta":{"lastBranch":0,"lastFunction":9,"lastStatement":20,"seen":{"s:3:30:5:1":0,"f:3:30:3:31":0,"s:4:4:4:42":1,"s:7:27:9:1":2,"f:7:27:7:28":1,"s:8:4:8:Infinity":3,"s:10:26:13:1":4,"f:10:26:10:31":2,"s:11:21:11:44":5,"s:12:5:12:Infinity":6,"s:16:26:18:1":7,"f:16:26:16:27":3,"s:17:4:17:Infinity":8,"s:20:27:22:1":9,"f:20:27:20:28":4,"s:21:4:21:Infinity":10,"s:24:32:26:1":11,"f:24:32:24:33":5,"s:25:4:25:Infinity":12,"s:28:34:30:1":13,"f:28:34:28:35":6,"s:29:4:29:Infinity":14,"s:32:30:34:1":15,"f:32:30:32:31":7,"s:33:4:33:Infinity":16,"s:36:30:39:1":17,"f:36:30:36:35":8,"s:37:17:37:79":18,"s:38:4:38:Infinity":19}}}
,"/home/zerroukiabadreddine/full-project/src/modules/user/userRoutes.js": {"path":"/home/zerroukiabadreddine/full-project/src/modules/user/userRoutes.js","statementMap":{"0":{"start":{"line":2,"column":14},"end":{"line":2,"column":44}},"1":{"start":{"line":26,"column":0},"end":{"line":26,"column":null}},"2":{"start":{"line":62,"column":0},"end":{"line":62,"column":null}},"3":{"start":{"line":100,"column":0},"end":{"line":100,"column":null}},"4":{"start":{"line":115,"column":0},"end":{"line":115,"column":null}}},"fnMap":{},"branchMap":{},"s":{"0":4,"1":4,"2":4,"3":4,"4":4},"f":{},"b":{},"meta":{"lastBranch":0,"lastFunction":0,"lastStatement":5,"seen":{"s:2:14:2:44":0,"s:26:0:26:Infinity":1,"s:62:0:62:Infinity":2,"s:100:0:100:Infinity":3,"s:115:0:115:Infinity":4}}}
,"/home/zerroukiabadreddine/full-project/src/modules/user/userSerializer.js": {"path":"/home/zerroukiabadreddine/full-project/src/modules/user/userSerializer.js","statementMap":{"0":{"start":{"line":3,"column":8},"end":{"line":3,"column":null}},"1":{"start":{"line":3,"column":19},"end":{"line":3,"column":null}},"2":{"start":{"line":5,"column":8},"end":{"line":13,"column":null}}},"fnMap":{"0":{"name":"(anonymous_0)","decl":{"start":{"line":2,"column":11},"end":{"line":2,"column":15}},"loc":{"start":{"line":2,"column":22},"end":{"line":14,"column":null}},"line":2}},"branchMap":{"0":{"loc":{"start":{"line":3,"column":8},"end":{"line":3,"column":null}},"type":"if","locations":[{"start":{"line":3,"column":8},"end":{"line":3,"column":null}},{"start":{},"end":{}}],"line":3}},"s":{"0":5,"1":0,"2":5},"f":{"0":4},"b":{"0":[0,5]},"meta":{"lastBranch":1,"lastFunction":1,"lastStatement":3,"seen":{"f:2:11:2:15":0,"b:3:8:3:Infinity:undefined:undefined:undefined:undefined":0,"s:3:8:3:Infinity":0,"s:3:19:3:Infinity":1,"s:5:8:13:Infinity":2}}}
,"/home/zerroukiabadreddine/full-project/src/modules/user/userService.js": {"path":"/home/zerroukiabadreddine/full-project/src/modules/user/userService.js","statementMap":{"0":{"start":{"line":6,"column":27},"end":{"line":8,"column":1}},"1":{"start":{"line":7,"column":4},"end":{"line":7,"column":null}},"2":{"start":{"line":10,"column":34},"end":{"line":13,"column":1}},"3":{"start":{"line":11,"column":18},"end":{"line":11,"column":53}},"4":{"start":{"line":12,"column":4},"end":{"line":12,"column":null}},"5":{"start":{"line":15,"column":31},"end":{"line":31,"column":1}},"6":{"start":{"line":16,"column":2},"end":{"line":18,"column":3}},"7":{"start":{"line":17,"column":4},"end":{"line":17,"column":null}},"8":{"start":{"line":20,"column":2},"end":{"line":22,"column":3}},"9":{"start":{"line":21,"column":4},"end":{"line":21,"column":null}},"10":{"start":{"line":23,"column":17},"end":{"line":23,"column":42}},"11":{"start":{"line":25,"column":2},"end":{"line":30,"column":null}},"12":{"start":{"line":33,"column":30},"end":{"line":46,"column":1}},"13":{"start":{"line":34,"column":17},"end":{"line":34,"column":51}},"14":{"start":{"line":35,"column":4},"end":{"line":37,"column":5}},"15":{"start":{"line":36,"column":8},"end":{"line":36,"column":null}},"16":{"start":{"line":38,"column":4},"end":{"line":40,"column":null}},"17":{"start":{"line":39,"column":8},"end":{"line":39,"column":null}},"18":{"start":{"line":41,"column":4},"end":{"line":43,"column":5}},"19":{"start":{"line":42,"column":8},"end":{"line":42,"column":null}},"20":{"start":{"line":44,"column":24},"end":{"line":44,"column":67}},"21":{"start":{"line":45,"column":4},"end":{"line":45,"column":null}}},"fnMap":{"0":{"name":"(anonymous_0)","decl":{"start":{"line":6,"column":27},"end":{"line":6,"column":32}},"loc":{"start":{"line":6,"column":39},"end":{"line":8,"column":1}},"line":6},"1":{"name":"(anonymous_1)","decl":{"start":{"line":10,"column":34},"end":{"line":10,"column":39}},"loc":{"start":{"line":10,"column":46},"end":{"line":13,"column":1}},"line":10},"2":{"name":"(anonymous_2)","decl":{"start":{"line":15,"column":31},"end":{"line":15,"column":36}},"loc":{"start":{"line":15,"column":85},"end":{"line":31,"column":1}},"line":15},"3":{"name":"(anonymous_3)","decl":{"start":{"line":33,"column":30},"end":{"line":33,"column":35}},"loc":{"start":{"line":33,"column":69},"end":{"line":46,"column":1}},"line":33}},"branchMap":{"0":{"loc":{"start":{"line":16,"column":2},"end":{"line":18,"column":3}},"type":"if","locations":[{"start":{"line":16,"column":2},"end":{"line":18,"column":3}},{"start":{},"end":{}}],"line":16},"1":{"loc":{"start":{"line":20,"column":2},"end":{"line":22,"column":3}},"type":"if","locations":[{"start":{"line":20,"column":2},"end":{"line":22,"column":3}},{"start":{},"end":{}}],"line":20},"2":{"loc":{"start":{"line":20,"column":6},"end":{"line":20,"column":58}},"type":"binary-expr","locations":[{"start":{"line":20,"column":6},"end":{"line":20,"column":22}},{"start":{"line":20,"column":26},"end":{"line":20,"column":58}}],"line":20},"3":{"loc":{"start":{"line":35,"column":4},"end":{"line":37,"column":5}},"type":"if","locations":[{"start":{"line":35,"column":4},"end":{"line":37,"column":5}},{"start":{},"end":{}}],"line":35},"4":{"loc":{"start":{"line":38,"column":4},"end":{"line":40,"column":null}},"type":"if","locations":[{"start":{"line":38,"column":4},"end":{"line":40,"column":null}},{"start":{},"end":{}}],"line":38},"5":{"loc":{"start":{"line":41,"column":4},"end":{"line":43,"column":5}},"type":"if","locations":[{"start":{"line":41,"column":4},"end":{"line":43,"column":5}},{"start":{},"end":{}}],"line":41}},"s":{"0":4,"1":1,"2":4,"3":0,"4":0,"5":4,"6":0,"7":0,"8":0,"9":0,"10":0,"11":0,"12":4,"13":0,"14":0,"15":0,"16":0,"17":0,"18":0,"19":0,"20":0,"21":0},"f":{"0":1,"1":0,"2":0,"3":0},"b":{"0":[0,0],"1":[0,0],"2":[0,0],"3":[0,0],"4":[0,0],"5":[0,0]},"meta":{"lastBranch":6,"lastFunction":4,"lastStatement":22,"seen":{"s:6:27:8:1":0,"f:6:27:6:32":0,"s:7:4:7:Infinity":1,"s:10:34:13:1":2,"f:10:34:10:39":1,"s:11:18:11:53":3,"s:12:4:12:Infinity":4,"s:15:31:31:1":5,"f:15:31:15:36":2,"b:16:2:18:3:undefined:undefined:undefined:undefined":0,"s:16:2:18:3":6,"s:17:4:17:Infinity":7,"b:20:2:22:3:undefined:undefined:undefined:undefined":1,"s:20:2:22:3":8,"b:20:6:20:22:20:26:20:58":2,"s:21:4:21:Infinity":9,"s:23:17:23:42":10,"s:25:2:30:Infinity":11,"s:33:30:46:1":12,"f:33:30:33:35":3,"s:34:17:34:51":13,"b:35:4:37:5:undefined:undefined:undefined:undefined":3,"s:35:4:37:5":14,"s:36:8:36:Infinity":15,"b:38:4:40:Infinity:undefined:undefined:undefined:undefined":4,"s:38:4:40:Infinity":16,"s:39:8:39:Infinity":17,"b:41:4:43:5:undefined:undefined:undefined:undefined":5,"s:41:4:43:5":18,"s:42:8:42:Infinity":19,"s:44:24:44:67":20,"s:45:4:45:Infinity":21}}}
,"/home/zerroukiabadreddine/full-project/src/routes/index.js": {"path":"/home/zerroukiabadreddine/full-project/src/routes/index.js","statementMap":{"0":{"start":{"line":6,"column":14},"end":{"line":6,"column":23}},"1":{"start":{"line":8,"column":0},"end":{"line":8,"column":null}},"2":{"start":{"line":9,"column":0},"end":{"line":9,"column":null}},"3":{"start":{"line":10,"column":0},"end":{"line":10,"column":null}},"4":{"start":{"line":11,"column":0},"end":{"line":11,"column":null}}},"fnMap":{},"branchMap":{},"s":{"0":4,"1":4,"2":4,"3":4,"4":4},"f":{},"b":{},"meta":{"lastBranch":0,"lastFunction":0,"lastStatement":5,"seen":{"s:6:14:6:23":0,"s:8:0:8:Infinity":1,"s:9:0:9:Infinity":2,"s:10:0:10:Infinity":3,"s:11:0:11:Infinity":4}}}
,"/home/zerroukiabadreddine/full-project/tests/integration/setup/setupEnv.js": {"path":"/home/zerroukiabadreddine/full-project/tests/integration/setup/setupEnv.js","statementMap":{"0":{"start":{"line":2,"column":0},"end":{"line":2,"column":null}},"1":{"start":{"line":3,"column":0},"end":{"line":3,"column":null}},"2":{"start":{"line":4,"column":0},"end":{"line":4,"column":null}},"3":{"start":{"line":5,"column":0},"end":{"line":5,"column":null}},"4":{"start":{"line":6,"column":0},"end":{"line":6,"column":null}},"5":{"start":{"line":7,"column":0},"end":{"line":7,"column":null}},"6":{"start":{"line":8,"column":0},"end":{"line":8,"column":null}},"7":{"start":{"line":9,"column":0},"end":{"line":9,"column":null}},"8":{"start":{"line":10,"column":0},"end":{"line":10,"column":null}},"9":{"start":{"line":11,"column":0},"end":{"line":11,"column":null}},"10":{"start":{"line":12,"column":0},"end":{"line":12,"column":null}}},"fnMap":{},"branchMap":{},"s":{"0":4,"1":4,"2":4,"3":4,"4":4,"5":4,"6":4,"7":4,"8":4,"9":4,"10":4},"f":{},"b":{},"meta":{"lastBranch":0,"lastFunction":0,"lastStatement":11,"seen":{"s:2:0:2:Infinity":0,"s:3:0:3:Infinity":1,"s:4:0:4:Infinity":2,"s:5:0:5:Infinity":3,"s:6:0:6:Infinity":4,"s:7:0:7:Infinity":5,"s:8:0:8:Infinity":6,"s:9:0:9:Infinity":7,"s:10:0:10:Infinity":8,"s:11:0:11:Infinity":9,"s:12:0:12:Infinity":10}}}
,"/home/zerroukiabadreddine/full-project/tests/integration/setup/testApp.js": {"path":"/home/zerroukiabadreddine/full-project/tests/integration/setup/testApp.js","statementMap":{},"fnMap":{},"branchMap":{},"s":{},"f":{},"b":{},"meta":{"lastBranch":0,"lastFunction":0,"lastStatement":0,"seen":{}}}
,"/home/zerroukiabadreddine/full-project/tests/integration/setup/testDb.js": {"path":"/home/zerroukiabadreddine/full-project/tests/integration/setup/testDb.js","statementMap":{"0":{"start":{"line":6,"column":29},"end":{"line":10,"column":1}},"1":{"start":{"line":7,"column":2},"end":{"line":7,"column":null}},"2":{"start":{"line":8,"column":14},"end":{"line":8,"column":28}},"3":{"start":{"line":9,"column":2},"end":{"line":9,"column":null}},"4":{"start":{"line":12,"column":27},"end":{"line":16,"column":1}},"5":{"start":{"line":13,"column":2},"end":{"line":13,"column":null}},"6":{"start":{"line":14,"column":2},"end":{"line":14,"column":null}},"7":{"start":{"line":15,"column":2},"end":{"line":15,"column":null}},"8":{"start":{"line":18,"column":27},"end":{"line":24,"column":1}},"9":{"start":{"line":19,"column":22},"end":{"line":19,"column":53}},"10":{"start":{"line":21,"column":2},"end":{"line":23,"column":null}},"11":{"start":{"line":22,"column":4},"end":{"line":22,"column":null}}},"fnMap":{"0":{"name":"(anonymous_0)","decl":{"start":{"line":6,"column":29},"end":{"line":6,"column":34}},"loc":{"start":{"line":6,"column":41},"end":{"line":10,"column":1}},"line":6},"1":{"name":"(anonymous_1)","decl":{"start":{"line":12,"column":27},"end":{"line":12,"column":32}},"loc":{"start":{"line":12,"column":39},"end":{"line":16,"column":1}},"line":12},"2":{"name":"(anonymous_2)","decl":{"start":{"line":18,"column":27},"end":{"line":18,"column":32}},"loc":{"start":{"line":18,"column":39},"end":{"line":24,"column":1}},"line":18}},"branchMap":{},"s":{"0":4,"1":4,"2":4,"3":4,"4":4,"5":4,"6":4,"7":4,"8":4,"9":7,"10":7,"11":28},"f":{"0":4,"1":4,"2":7},"b":{},"meta":{"lastBranch":0,"lastFunction":3,"lastStatement":12,"seen":{"s:6:29:10:1":0,"f:6:29:6:34":0,"s:7:2:7:Infinity":1,"s:8:14:8:28":2,"s:9:2:9:Infinity":3,"s:12:27:16:1":4,"f:12:27:12:32":1,"s:13:2:13:Infinity":5,"s:14:2:14:Infinity":6,"s:15:2:15:Infinity":7,"s:18:27:24:1":8,"f:18:27:18:32":2,"s:19:22:19:53":9,"s:21:2:23:Infinity":10,"s:22:4:22:Infinity":11}}}
}
